Feb 13, 2019 2:16:50 PM ConcordiaServer main
INFO: Server ready.
Feb 13, 2019 2:16:59 PM ConcordiaRemoteServiceImpl addItem
INFO: Add item is called on Concordia server by CONM1111 for CON1015 for 1 name DSD
Feb 13, 2019 2:16:59 PM ConcordiaRemoteServiceImpl addItem
INFO: Item id is not in existing database, Adding as new Item
Feb 13, 2019 2:16:59 PM ConcordiaRemoteServiceImpl returnItem
INFO: Return Item Response is Fail
Feb 13, 2019 2:20:40 PM ConcordiaRemoteServiceImpl addItem
INFO: Add item is called on Concordia server by CONM1111 for CON1015 for 1 name DSD
Feb 13, 2019 2:20:40 PM ConcordiaRemoteServiceImpl returnItem
INFO: Return Item Response is Fail
Feb 13, 2019 2:20:40 PM ConcordiaRemoteServiceImpl addItem
INFO: Item id   exist in  database, modifying  Item
Feb 13, 2019 2:20:40 PM ConcordiaRemoteServiceImpl addItem
INFO: Item id and Item name matches
Feb 13, 2019 2:20:40 PM ConcordiaRemoteServiceImpl addItem
INFO: previous item details{, itemName='DSD', quantity=0}
Feb 13, 2019 2:20:40 PM ConcordiaRemoteServiceImpl addItem
INFO: updated item details{, itemName='DSD', quantity=1}
Feb 13, 2019 2:20:40 PM ConcordiaRemoteServiceImpl addItem
INFO: previous quantity was 0 , now need to process waiting list
Feb 13, 2019 2:20:40 PM ConcordiaRemoteServiceImpl processWaitingListIfPossible
INFO: Now attempting to process wait list
Feb 13, 2019 2:23:49 PM ConcordiaRemoteServiceImpl listItem
INFO: CONM1111Requested to View Data
Feb 13, 2019 2:24:02 PM ConcordiaRemoteServiceImpl addItem
INFO: Add item is called on Concordia server by CONM1111 for CON1015 for 1 name DSD
Feb 13, 2019 2:24:02 PM ConcordiaRemoteServiceImpl addItem
INFO: Item id   exist in  database, modifying  Item
Feb 13, 2019 2:24:02 PM ConcordiaRemoteServiceImpl addItem
INFO: Item id and Item name matches
Feb 13, 2019 2:24:02 PM ConcordiaRemoteServiceImpl borrowItem
INFO: Current BorrowerCONU1111Borrowed Item [CON1015]
Feb 13, 2019 2:24:02 PM ConcordiaRemoteServiceImpl addItem
INFO: previous item details{, itemName='DSD', quantity=1}
Feb 13, 2019 2:24:02 PM ConcordiaRemoteServiceImpl borrowItem
INFO: Calling ExternalUDP Servers To Borrow CON1015 For CONU1111
Feb 13, 2019 2:24:02 PM ConcordiaRemoteServiceImpl returnItem
INFO: Return Item Response is Success
Feb 13, 2019 2:24:02 PM ConcordiaRemoteServiceImpl addItem
INFO: updated item details{, itemName='DSD', quantity=3}
Feb 13, 2019 2:24:02 PM Utilities callUDPServer
INFO: Calling  UDP Servers
Feb 13, 2019 2:24:02 PM ConcordiaServer$1 run
INFO: borrowItem is called by /127.0.0.1:54795
Feb 13, 2019 2:24:02 PM ConcordiaServer getBorrowItemResponse
INFO: Borrow item is Called : Requested Item is CON1015 User CONU1111 for days 5
Feb 13, 2019 2:24:02 PM ConcordiaServer getBorrowItemResponse
INFO: Response isSuccess
Feb 13, 2019 2:24:02 PM ConcordiaServer$1 run
INFO: sending response [B@7106e68e
Feb 13, 2019 2:24:06 PM ConcordiaRemoteServiceImpl listItem
INFO: CONM1111Requested to View Data
Feb 13, 2019 2:50:35 PM ConcordiaServer main
INFO: Server ready.
Feb 13, 2019 2:50:49 PM ConcordiaRemoteServiceImpl addItem
INFO: Add item is called on Concordia server by CONM1111 for CON1015 for 1 name DSD
Feb 13, 2019 2:50:49 PM Utilities callUDPServer
INFO: Calling  UDP Servers
Feb 13, 2019 2:50:49 PM ConcordiaRemoteServiceImpl addItem
INFO: Item id is not in existing database, Adding as new Item
Feb 13, 2019 2:50:49 PM ConcordiaServer$1 run
INFO: returnItem is called by /127.0.0.1:60458
Feb 13, 2019 2:50:49 PM ConcordiaServer getReturnItemResponse
INFO: Return item is Called :   Item is CON1015 User CONU1111
Feb 13, 2019 2:50:49 PM ConcordiaServer getReturnItemResponse
INFO: Response isFail
Feb 13, 2019 2:50:49 PM ConcordiaServer$1 run
INFO: sending response [B@7eda2dbb
Feb 13, 2019 2:50:49 PM ConcordiaRemoteServiceImpl borrowItem
INFO: CONU1111 has asked to borrow item CON1015
Feb 13, 2019 2:50:55 PM ConcordiaRemoteServiceImpl listItem
INFO: CONM1111Requested to View Data
Feb 13, 2019 2:51:04 PM ConcordiaRemoteServiceImpl addItem
INFO: Add item is called on Concordia server by CONM1111 for CON1015 for 1 name DSD
Feb 13, 2019 2:51:04 PM ConcordiaRemoteServiceImpl addItem
INFO: Item id   exist in  database, modifying  Item
Feb 13, 2019 2:51:04 PM ConcordiaRemoteServiceImpl performReturnItemOperation
INFO: Previous Quantity for the item CON1015 was 0 ,Now processing waitinglist
Feb 13, 2019 2:51:04 PM ConcordiaRemoteServiceImpl addItem
INFO: Item id and Item name matches
Feb 13, 2019 2:51:04 PM ConcordiaRemoteServiceImpl processWaitingListIfPossible
INFO: Now attempting to process wait list
Feb 13, 2019 2:51:04 PM ConcordiaRemoteServiceImpl addItem
INFO: previous item details{, itemName='DSD', quantity=1}
Feb 13, 2019 2:51:04 PM ConcordiaRemoteServiceImpl returnItem
INFO: Return Item Response is Success
Feb 13, 2019 2:51:04 PM ConcordiaRemoteServiceImpl borrowItem
INFO: CONU1111 has asked to borrow item CON1015
Feb 13, 2019 2:51:04 PM ConcordiaRemoteServiceImpl addItem
INFO: updated item details{, itemName='DSD', quantity=2}
Feb 13, 2019 2:51:04 PM ConcordiaRemoteServiceImpl borrowItem
INFO: Current BorrowerCONU1111Borrowed Item []
Feb 13, 2019 2:51:08 PM ConcordiaRemoteServiceImpl listItem
INFO: CONM1111Requested to View Data
Feb 13, 2019 2:51:20 PM ConcordiaRemoteServiceImpl addItem
INFO: Add item is called on Concordia server by CONM1111 for CON1015 for 1 name DSD
Feb 13, 2019 2:51:20 PM ConcordiaRemoteServiceImpl returnItem
INFO: Return Item Response is Success
Feb 13, 2019 2:51:20 PM ConcordiaRemoteServiceImpl borrowItem
INFO: CONU1111 has asked to borrow item CON1015
Feb 13, 2019 2:51:20 PM ConcordiaRemoteServiceImpl addItem
INFO: Item id   exist in  database, modifying  Item
Feb 13, 2019 2:51:20 PM ConcordiaRemoteServiceImpl borrowItem
INFO: Current BorrowerCONU1111Borrowed Item []
Feb 13, 2019 2:51:20 PM ConcordiaRemoteServiceImpl addItem
INFO: Item id and Item name matches
Feb 13, 2019 2:51:20 PM ConcordiaRemoteServiceImpl addItem
INFO: previous item details{, itemName='DSD', quantity=2}
Feb 13, 2019 2:51:20 PM ConcordiaRemoteServiceImpl addItem
INFO: updated item details{, itemName='DSD', quantity=2}
Feb 13, 2019 2:51:30 PM ConcordiaRemoteServiceImpl addItem
INFO: Add item is called on Concordia server by CONM1111 for CON1015 for 1 name DSD
Feb 13, 2019 2:51:30 PM ConcordiaRemoteServiceImpl borrowItem
INFO: CONU1111 has asked to borrow item CON1015
Feb 13, 2019 2:51:30 PM ConcordiaRemoteServiceImpl addItem
INFO: Item id   exist in  database, modifying  Item
Feb 13, 2019 2:51:30 PM ConcordiaRemoteServiceImpl borrowItem
INFO: Current BorrowerCONU1111Borrowed Item [CON1015]
Feb 13, 2019 2:51:30 PM ConcordiaRemoteServiceImpl addItem
INFO: Item id and Item name matches
Feb 13, 2019 2:51:30 PM ConcordiaRemoteServiceImpl borrowItem
INFO: user already borrowed item 
Feb 13, 2019 2:51:30 PM ConcordiaRemoteServiceImpl returnItem
INFO: Return Item Response is Success
Feb 13, 2019 2:51:30 PM ConcordiaRemoteServiceImpl addItem
INFO: previous item details{, itemName='DSD', quantity=2}
Feb 13, 2019 2:51:30 PM ConcordiaRemoteServiceImpl addItem
INFO: updated item details{, itemName='DSD', quantity=4}
Feb 13, 2019 2:51:36 PM ConcordiaRemoteServiceImpl addItem
INFO: Add item is called on Concordia server by CONM1111 for CON1015 for 1 name DSD
Feb 13, 2019 2:51:36 PM ConcordiaRemoteServiceImpl returnItem
INFO: Return Item Response is Fail
Feb 13, 2019 2:51:36 PM ConcordiaRemoteServiceImpl borrowItem
INFO: CONU1111 has asked to borrow item CON1015
Feb 13, 2019 2:51:36 PM ConcordiaRemoteServiceImpl addItem
INFO: Item id   exist in  database, modifying  Item
Feb 13, 2019 2:51:36 PM ConcordiaRemoteServiceImpl borrowItem
INFO: Current BorrowerCONU1111Borrowed Item []
Feb 13, 2019 2:51:36 PM ConcordiaRemoteServiceImpl addItem
INFO: Item id and Item name matches
Feb 13, 2019 2:51:36 PM ConcordiaRemoteServiceImpl addItem
INFO: previous item details{, itemName='DSD', quantity=4}
Feb 13, 2019 2:51:36 PM ConcordiaRemoteServiceImpl addItem
INFO: updated item details{, itemName='DSD', quantity=4}
Feb 13, 2019 2:53:03 PM ConcordiaRemoteServiceImpl borrowItem
INFO: CONU1111 has asked to borrow item CON1015
Feb 13, 2019 2:53:03 PM ConcordiaRemoteServiceImpl returnItem
INFO: Return Item Response is Success
Feb 13, 2019 2:53:03 PM ConcordiaRemoteServiceImpl addItem
INFO: Add item is called on Concordia server by CONM1111 for CON1015 for 1 name DSD
Feb 13, 2019 2:53:03 PM ConcordiaRemoteServiceImpl borrowItem
INFO: Current BorrowerCONU1111Borrowed Item []
Feb 13, 2019 2:53:03 PM ConcordiaRemoteServiceImpl addItem
INFO: Item id   exist in  database, modifying  Item
Feb 13, 2019 2:53:03 PM ConcordiaRemoteServiceImpl addItem
INFO: Item id and Item name matches
Feb 13, 2019 2:53:03 PM ConcordiaRemoteServiceImpl addItem
INFO: previous item details{, itemName='DSD', quantity=4}
Feb 13, 2019 2:53:03 PM ConcordiaRemoteServiceImpl addItem
INFO: updated item details{, itemName='DSD', quantity=5}
Feb 13, 2019 2:55:31 PM ConcordiaRemoteServiceImpl addItem
INFO: Add item is called on Concordia server by CONM1111 for CON1015 for 1 name DSD
Feb 13, 2019 2:55:31 PM ConcordiaRemoteServiceImpl addItem
INFO: Item id   exist in  database, modifying  Item
Feb 13, 2019 2:55:31 PM ConcordiaRemoteServiceImpl borrowItem
INFO: CONU1111 has asked to borrow item CON1015
Feb 13, 2019 2:55:31 PM ConcordiaRemoteServiceImpl returnItem
INFO: Return Item Response is Success
Feb 13, 2019 2:55:31 PM ConcordiaRemoteServiceImpl borrowItem
INFO: Current BorrowerCONU1111Borrowed Item []
Feb 13, 2019 2:55:31 PM ConcordiaRemoteServiceImpl addItem
INFO: Item id and Item name matches
Feb 13, 2019 2:55:31 PM ConcordiaRemoteServiceImpl addItem
INFO: previous item details{, itemName='DSD', quantity=5}
Feb 13, 2019 2:55:31 PM ConcordiaRemoteServiceImpl addItem
INFO: updated item details{, itemName='DSD', quantity=6}
Feb 13, 2019 2:58:13 PM ConcordiaRemoteServiceImpl returnItem
INFO: Return Item Response is Success
Feb 13, 2019 2:58:13 PM ConcordiaRemoteServiceImpl addItem
INFO: Add item is called on Concordia server by CONM1111 for CON1015 for 1 name DSD
Feb 13, 2019 2:58:13 PM ConcordiaRemoteServiceImpl addItem
INFO: Item id   exist in  database, modifying  Item
Feb 13, 2019 2:58:13 PM ConcordiaRemoteServiceImpl addItem
INFO: Item id and Item name matches
Feb 13, 2019 2:58:13 PM ConcordiaRemoteServiceImpl addItem
INFO: previous item details{, itemName='DSD', quantity=7}
Feb 13, 2019 2:58:13 PM ConcordiaRemoteServiceImpl addItem
INFO: updated item details{, itemName='DSD', quantity=8}
Feb 13, 2019 2:58:13 PM ConcordiaRemoteServiceImpl removeItem
INFO: Remove item is called on Concordia server by CONM1111 for CON1015 for 5
Feb 13, 2019 2:58:13 PM ConcordiaRemoteServiceImpl updateQuantity
INFO: updating existing item {, itemName='DSD', quantity=3}
Feb 13, 2019 2:58:13 PM ConcordiaRemoteServiceImpl removeItem
INFO: Remove Item Success , CON1015 Updated the Quantity by  CONM1111
Feb 13, 2019 2:58:47 PM ConcordiaRemoteServiceImpl listItem
INFO: CONM1111Requested to View Data
Feb 13, 2019 2:59:09 PM ConcordiaRemoteServiceImpl addItem
INFO: Add item is called on Concordia server by CONM1111 for CON1015 for 1 name DSD
Feb 13, 2019 2:59:09 PM ConcordiaRemoteServiceImpl addItem
INFO: Item id   exist in  database, modifying  Item
Feb 13, 2019 2:59:09 PM ConcordiaRemoteServiceImpl addItem
INFO: Item id and Item name matches
Feb 13, 2019 2:59:09 PM ConcordiaRemoteServiceImpl returnItem
INFO: Return Item Response is Fail
Feb 13, 2019 2:59:09 PM ConcordiaRemoteServiceImpl addItem
INFO: previous item details{, itemName='DSD', quantity=3}
Feb 13, 2019 2:59:09 PM ConcordiaRemoteServiceImpl addItem
INFO: updated item details{, itemName='DSD', quantity=4}
Feb 13, 2019 2:59:09 PM ConcordiaRemoteServiceImpl removeItem
INFO: Remove item is called on Concordia server by CONM1111 for CON1015 for 5
Feb 13, 2019 4:34:52 PM ConcordiaServer main
INFO: Server ready.
Feb 13, 2019 4:35:05 PM ConcordiaRemoteServiceImpl borrowItem
INFO: CONU1111 has asked to borrow item CON1012
Feb 13, 2019 4:35:10 PM ConcordiaRemoteServiceImpl borrowItem
INFO: CONU1111 has asked to borrow item MON1012
Feb 13, 2019 4:35:10 PM ConcordiaRemoteServiceImpl borrowItem
INFO: Current BorrowerCONU1111Borrowed Item [CON1012]
Feb 13, 2019 4:35:10 PM ConcordiaRemoteServiceImpl borrowItem
INFO: Calling ExternalUDP Servers To Borrow MON1012 For CONU1111
Feb 13, 2019 4:35:10 PM Utilities callUDPServer
INFO: Calling  UDP Servers
Feb 13, 2019 4:35:15 PM ConcordiaRemoteServiceImpl borrowItem
INFO: CONU1111 has asked to borrow item MCG1013
Feb 13, 2019 4:35:15 PM ConcordiaRemoteServiceImpl borrowItem
INFO: Current BorrowerCONU1111Borrowed Item [CON1012, MON1012]
Feb 13, 2019 4:35:24 PM Utilities callUDPServer
INFO: Calling  UDP Servers
Feb 13, 2019 4:35:40 PM ConcordiaRemoteServiceImpl borrowItem
INFO: CONU1111 has asked to borrow item MCG1013
Feb 13, 2019 4:35:40 PM ConcordiaRemoteServiceImpl borrowItem
INFO: Current BorrowerCONU1111Borrowed Item [CON1012]
Feb 13, 2019 4:35:40 PM ConcordiaRemoteServiceImpl borrowItem
INFO: Calling ExternalUDP Servers To Borrow MCG1013 For CONU1111
Feb 13, 2019 4:35:40 PM Utilities callUDPServer
INFO: Calling  UDP Servers
Feb 13, 2019 4:35:40 PM ConcordiaRemoteServiceImpl handleWaitList
INFO: MCG1013 is not available to borrow now, adding wait list is possible ,asking CONU1111
Feb 13, 2019 4:35:41 PM Utilities callUDPServer
INFO: Calling  UDP Servers
Feb 13, 2019 4:35:50 PM ConcordiaRemoteServiceImpl findItem
INFO: CONU1111requested to find itemDSDs
Feb 13, 2019 4:35:50 PM Utilities callUDPServer
INFO: Calling  UDP Servers
Feb 13, 2019 4:35:50 PM Utilities callUDPServer
INFO: Calling  UDP Servers
Feb 13, 2019 4:36:06 PM ConcordiaRemoteServiceImpl borrowItem
INFO: CONU1111 has asked to borrow item CON1013
Feb 13, 2019 4:36:06 PM ConcordiaRemoteServiceImpl borrowItem
INFO: Current BorrowerCONU1111Borrowed Item [CON1012]
Feb 13, 2019 4:36:06 PM ConcordiaRemoteServiceImpl handleWaitList
INFO: CON1013 is not available to borrow now, adding wait list is possible ,asking CONU1111
Feb 13, 2019 4:36:36 PM ConcordiaRemoteServiceImpl addItem
INFO: Add item is called on Concordia server by CONM1111 for CON1013 for 1 name ALGO
Feb 13, 2019 4:36:36 PM ConcordiaRemoteServiceImpl addItem
INFO: Item id   exist in  database, modifying  Item
Feb 13, 2019 4:36:36 PM ConcordiaRemoteServiceImpl addItem
INFO: Item id and Item name matches
Feb 13, 2019 4:36:36 PM ConcordiaRemoteServiceImpl addItem
INFO: previous item details{, itemName='ALGO', quantity=0}
Feb 13, 2019 4:36:36 PM ConcordiaRemoteServiceImpl addItem
INFO: updated item details{, itemName='ALGO', quantity=1}
Feb 13, 2019 4:36:36 PM ConcordiaRemoteServiceImpl addItem
INFO: previous quantity was 0 , now need to process waiting list
Feb 13, 2019 4:36:36 PM ConcordiaRemoteServiceImpl processWaitingListIfPossible
INFO: Now attempting to process wait list
Feb 13, 2019 4:36:36 PM ConcordiaRemoteServiceImpl processWaitingListIfPossible
INFO: Waiting List Found For The Item Id CON1013
Feb 13, 2019 4:36:36 PM ConcordiaRemoteServiceImpl processWaitingListIfPossible
INFO: CON1013  is assigned to CONU1111
Feb 13, 2019 4:36:39 PM ConcordiaRemoteServiceImpl listItem
INFO: CONM1111Requested to View Data
Feb 13, 2019 4:37:04 PM ConcordiaRemoteServiceImpl addItem
INFO: Add item is called on Concordia server by CONM1111 for CON1013 for 1 name ALGO
Feb 13, 2019 4:37:04 PM ConcordiaRemoteServiceImpl addItem
INFO: Item id   exist in  database, modifying  Item
Feb 13, 2019 4:37:04 PM ConcordiaRemoteServiceImpl addItem
INFO: Item id and Item name matches
Feb 13, 2019 4:37:04 PM ConcordiaRemoteServiceImpl addItem
INFO: previous item details{, itemName='ALGO', quantity=0}
Feb 13, 2019 4:37:04 PM ConcordiaRemoteServiceImpl addItem
INFO: updated item details{, itemName='ALGO', quantity=1}
Feb 13, 2019 4:37:04 PM ConcordiaRemoteServiceImpl addItem
INFO: previous quantity was 0 , now need to process waiting list
Feb 13, 2019 4:37:04 PM ConcordiaRemoteServiceImpl processWaitingListIfPossible
INFO: Now attempting to process wait list
Feb 13, 2019 4:37:10 PM ConcordiaRemoteServiceImpl listItem
INFO: CONM1111Requested to View Data
Feb 13, 2019 4:37:20 PM ConcordiaRemoteServiceImpl addItem
INFO: Add item is called on Concordia server by CONM1111 for CON1015 for 1 name DSD
Feb 13, 2019 4:37:20 PM ConcordiaRemoteServiceImpl addItem
INFO: Item id is not in existing database, Adding as new Item
Feb 13, 2019 4:37:20 PM ConcordiaRemoteServiceImpl removeItem
INFO: Remove item is called on Concordia server by CONM1111 for CON1015 for 5
Feb 13, 2019 4:37:20 PM ConcordiaRemoteServiceImpl returnItem
INFO: Return Item Response is Fail
Feb 14, 2019 11:42:42 AM ConcordiaServer main
INFO: Server ready.
Feb 14, 2019 11:45:01 AM ConcordiaRemoteServiceImpl addItem
INFO: Add item is called on Concordia server by CONM1111 for CON1012 for 3 name DSD
Feb 14, 2019 11:45:01 AM ConcordiaRemoteServiceImpl addItem
INFO: Item id   exist in  database, modifying  Item
Feb 14, 2019 11:45:01 AM ConcordiaRemoteServiceImpl addItem
INFO: Item id and Item name matches
Feb 14, 2019 11:45:01 AM ConcordiaRemoteServiceImpl addItem
INFO: previous item details{, itemName='DSD', quantity=5}
Feb 14, 2019 11:45:01 AM ConcordiaRemoteServiceImpl addItem
INFO: updated item details{, itemName='DSD', quantity=8}
Feb 14, 2019 11:46:52 AM ConcordiaRemoteServiceImpl addItem
INFO: Add item is called on Concordia server by CONM1111 for CON1012 for 22 name DSD
Feb 14, 2019 11:46:52 AM ConcordiaRemoteServiceImpl addItem
INFO: Item id   exist in  database, modifying  Item
Feb 14, 2019 11:46:52 AM ConcordiaRemoteServiceImpl addItem
INFO: Item id and Item name matches
Feb 14, 2019 11:46:52 AM ConcordiaRemoteServiceImpl addItem
INFO: previous item details{, itemName='DSD', quantity=8}
Feb 14, 2019 11:46:52 AM ConcordiaRemoteServiceImpl addItem
INFO: updated item details{, itemName='DSD', quantity=30}
Feb 15, 2019 2:28:42 PM ConcordiaServer main
INFO: Server ready.
Feb 15, 2019 2:29:02 PM ConcordiaRemoteServiceImpl borrowItem
INFO: CONU1111 has asked to borrow item CON1012
Feb 15, 2019 2:29:05 PM ConcordiaRemoteServiceImpl findItem
INFO: CONU1111requested to find itemDSD
Feb 15, 2019 2:29:05 PM Utilities callUDPServer
INFO: Calling  UDP Servers
Feb 15, 2019 2:29:05 PM Utilities callUDPServer
INFO: Calling  UDP Servers
Feb 15, 2019 2:29:12 PM Utilities callUDPServer
INFO: Calling  UDP Servers
Feb 15, 2019 2:29:12 PM ConcordiaServer$1 run
INFO: returnItem is called by /127.0.0.1:56983
Feb 15, 2019 2:29:12 PM ConcordiaServer getReturnItemResponse
INFO: Return item is Called :   Item is CON1015 User CONU1111
Feb 15, 2019 2:29:12 PM ConcordiaServer getReturnItemResponse
INFO: Response isFail
Feb 15, 2019 2:29:12 PM ConcordiaServer$1 run
INFO: sending response [B@7eda2dbb
Feb 15, 2019 2:29:21 PM ConcordiaRemoteServiceImpl borrowItem
INFO: CONU1111 has asked to borrow item CON1014
Feb 15, 2019 2:29:21 PM ConcordiaRemoteServiceImpl borrowItem
INFO: Current BorrowerCONU1111Borrowed Item [CON1012]
Feb 15, 2019 2:29:21 PM ConcordiaRemoteServiceImpl borrowItem
INFO: CONU1111 Can not borrow , Item id is unknown to Library  CON1014
Feb 15, 2019 2:29:30 PM ConcordiaRemoteServiceImpl borrowItem
INFO: CONU1111 has asked to borrow item MON1012
Feb 15, 2019 2:29:30 PM ConcordiaRemoteServiceImpl borrowItem
INFO: Current BorrowerCONU1111Borrowed Item [CON1012]
Feb 15, 2019 2:29:30 PM ConcordiaRemoteServiceImpl borrowItem
INFO: Calling ExternalUDP Servers To Borrow MON1012 For CONU1111
Feb 15, 2019 2:29:30 PM Utilities callUDPServer
INFO: Calling  UDP Servers
Feb 15, 2019 2:29:36 PM ConcordiaRemoteServiceImpl borrowItem
INFO: CONU1111 has asked to borrow item MON1013
Feb 15, 2019 2:29:36 PM ConcordiaRemoteServiceImpl borrowItem
INFO: Current BorrowerCONU1111Borrowed Item [CON1012, MON1012]
Feb 15, 2019 2:29:42 PM Utilities callUDPServer
INFO: Calling  UDP Servers
Feb 15, 2019 2:29:48 PM ConcordiaRemoteServiceImpl borrowItem
INFO: CONU1111 has asked to borrow item MCG1012
Feb 15, 2019 2:29:48 PM ConcordiaRemoteServiceImpl borrowItem
INFO: Current BorrowerCONU1111Borrowed Item [CON1012]
Feb 15, 2019 2:29:48 PM ConcordiaRemoteServiceImpl borrowItem
INFO: Calling ExternalUDP Servers To Borrow MCG1012 For CONU1111
Feb 15, 2019 2:29:48 PM Utilities callUDPServer
INFO: Calling  UDP Servers
Feb 23, 2019 9:37:38 PM ConcordiaServer main
INFO: Server ready.
Feb 23, 2019 9:37:52 PM ConcordiaRemoteServiceImpl borrowItem
INFO: CONU1111 has asked to borrow item CON1013
Feb 23, 2019 9:37:54 PM Utilities callUDPServer
INFO: Calling  UDP Servers
Feb 23, 2019 9:37:54 PM ConcordiaServer$1 run
INFO: waitList is called by /127.0.0.1:51787
Feb 23, 2019 9:37:54 PM ConcordiaServer getWaitListResponse
INFO: User Selected to be in Wait List For itemCONU1111 User CON1013
Feb 23, 2019 9:37:54 PM ConcordiaServer main
INFO: Exception java.lang.NullPointerException
Feb 23, 2019 9:39:34 PM ConcordiaServer main
INFO: Server ready.
Feb 23, 2019 9:39:44 PM ConcordiaRemoteServiceImpl borrowItem
INFO: CONU1111 has asked to borrow item CON1013
Feb 23, 2019 10:04:15 PM ConcordiaServer main
INFO: Server ready.
Feb 23, 2019 10:04:35 PM ConcordiaRemoteServiceImpl borrowItem
INFO: CONU1111 has asked to borrow item CON1013
Feb 23, 2019 10:05:48 PM ConcordiaServer main
INFO: Server ready.
Feb 23, 2019 10:06:02 PM ConcordiaRemoteServiceImpl borrowItem
INFO: CONU1111 has asked to borrow item CON1013
Feb 23, 2019 10:06:29 PM ConcordiaRemoteServiceImpl listItem
INFO: CONM1111Requested to View Data
Feb 23, 2019 10:06:46 PM ConcordiaRemoteServiceImpl addItem
INFO: Add item is called on Concordia server by CONM1111 for CON1013 for 1 name ALGO
Feb 23, 2019 10:06:46 PM ConcordiaRemoteServiceImpl addItem
INFO: Item id   exist in  database, modifying  Item
Feb 23, 2019 10:06:46 PM ConcordiaRemoteServiceImpl addItem
INFO: Item id and Item name matches
Feb 23, 2019 10:06:46 PM ConcordiaRemoteServiceImpl addItem
INFO: previous item details{, itemName='ALGO', quantity=0}
Feb 23, 2019 10:06:46 PM ConcordiaRemoteServiceImpl addItem
INFO: updated item details{, itemName='ALGO', quantity=1}
Feb 23, 2019 10:06:46 PM ConcordiaRemoteServiceImpl addItem
INFO: previous quantity was 0 , now need to process waiting list
Feb 23, 2019 10:06:46 PM ConcordiaRemoteServiceImpl processWaitingListIfPossible
INFO: Now attempting to process wait list
Feb 23, 2019 10:06:46 PM ConcordiaRemoteServiceImpl processWaitingListIfPossible
INFO: Waiting List Found For The Item Id CON1013
Feb 23, 2019 10:06:46 PM ConcordiaRemoteServiceImpl processWaitingListIfPossible
INFO: CON1013  is assigned to CONU1111
Feb 23, 2019 10:06:49 PM ConcordiaRemoteServiceImpl listItem
INFO: CONM1111Requested to View Data
Feb 23, 2019 10:07:03 PM ConcordiaRemoteServiceImpl addItem
INFO: Add item is called on Concordia server by CONM1111 for CON1015 for 1 name DSD
Feb 23, 2019 10:07:03 PM ConcordiaRemoteServiceImpl addItem
INFO: Item id is not in existing database, Adding as new Item
Feb 23, 2019 10:07:03 PM ConcordiaRemoteServiceImpl removeItem
INFO: Remove item is called on Concordia server by CONM1111 for CON1015 for 5
Feb 23, 2019 10:07:03 PM ConcordiaRemoteServiceImpl returnItem
INFO: Return Item Response is Fail
Feb 23, 2019 10:16:38 PM ConcordiaRemoteServiceImpl borrowItem
INFO: CONU1111 has asked to borrow item MON1013
Feb 23, 2019 10:16:38 PM ConcordiaRemoteServiceImpl borrowItem
INFO: Current BorrowerCONU1111Borrowed Item [CON1013]
Feb 23, 2019 10:16:38 PM ConcordiaRemoteServiceImpl borrowItem
INFO: Calling ExternalUDP Servers To Borrow MON1013 For CONU1111
Feb 23, 2019 10:16:38 PM Utilities callUDPServer
INFO: Calling  UDP Servers
Feb 23, 2019 10:16:39 PM Utilities callUDPServer
INFO: Calling  UDP Servers
Feb 23, 2019 10:26:20 PM ConcordiaServer main
INFO: Server ready.
Feb 23, 2019 10:26:32 PM ConcordiaRemoteServiceImpl borrowItem
INFO: CONU1111 has asked to borrow item CON1013
Feb 23, 2019 10:27:03 PM ConcordiaRemoteServiceImpl borrowItem
INFO: CONU1111 has asked to borrow item MON1012
Feb 23, 2019 10:27:03 PM ConcordiaRemoteServiceImpl borrowItem
INFO: Calling ExternalUDP Servers To Borrow MON1012 For CONU1111
Feb 23, 2019 10:27:03 PM Utilities callUDPServer
INFO: Calling  UDP Servers
Feb 23, 2019 10:30:58 PM ConcordiaRemoteServiceImpl borrowItem
INFO: CONU1111 has asked to borrow item MCG1012
Feb 23, 2019 10:30:58 PM ConcordiaRemoteServiceImpl borrowItem
INFO: Current BorrowerCONU1111Borrowed Item [MON1012]
Feb 23, 2019 10:30:58 PM ConcordiaRemoteServiceImpl borrowItem
INFO: Calling ExternalUDP Servers To Borrow MCG1012 For CONU1111
Feb 23, 2019 10:30:58 PM Utilities callUDPServer
INFO: Calling  UDP Servers
Feb 23, 2019 10:31:03 PM Utilities callUDPServer
INFO: Calling  UDP Servers
Feb 23, 2019 10:36:26 PM ConcordiaServer main
INFO: Server ready.
Feb 23, 2019 10:37:03 PM ConcordiaRemoteServiceImpl borrowItem
INFO: CONU1111 has asked to borrow item CON1013
Feb 23, 2019 10:37:18 PM ConcordiaRemoteServiceImpl borrowItem
INFO: CONU1111 has asked to borrow item CON1013
Feb 23, 2019 10:37:38 PM ConcordiaRemoteServiceImpl borrowItem
INFO: CONU1111 has asked to borrow item CON1012
Feb 23, 2019 10:37:44 PM ConcordiaRemoteServiceImpl borrowItem
INFO: CONU1111 has asked to borrow item MON1012
Feb 23, 2019 10:37:44 PM ConcordiaRemoteServiceImpl borrowItem
INFO: Current BorrowerCONU1111Borrowed Item [CON1012]
Feb 23, 2019 10:37:44 PM ConcordiaRemoteServiceImpl borrowItem
INFO: Calling ExternalUDP Servers To Borrow MON1012 For CONU1111
Feb 23, 2019 10:37:44 PM Utilities callUDPServer
INFO: Calling  UDP Servers
Feb 23, 2019 10:37:50 PM ConcordiaRemoteServiceImpl borrowItem
INFO: CONU1111 has asked to borrow item MCG1019
Feb 23, 2019 10:37:50 PM ConcordiaRemoteServiceImpl borrowItem
INFO: Current BorrowerCONU1111Borrowed Item [CON1012, MON1012]
Feb 23, 2019 10:37:50 PM ConcordiaRemoteServiceImpl borrowItem
INFO: Calling ExternalUDP Servers To Borrow MCG1019 For CONU1111
Feb 23, 2019 10:37:50 PM Utilities callUDPServer
INFO: Calling  UDP Servers
Feb 23, 2019 10:37:57 PM ConcordiaRemoteServiceImpl borrowItem
INFO: CONU1111 has asked to borrow item MCG1013
Feb 23, 2019 10:37:57 PM ConcordiaRemoteServiceImpl borrowItem
INFO: Current BorrowerCONU1111Borrowed Item [CON1012, MON1012]
Feb 23, 2019 10:37:57 PM ConcordiaRemoteServiceImpl borrowItem
INFO: Calling ExternalUDP Servers To Borrow MCG1013 For CONU1111
Feb 23, 2019 10:37:57 PM Utilities callUDPServer
INFO: Calling  UDP Servers
Feb 23, 2019 10:38:00 PM Utilities callUDPServer
INFO: Calling  UDP Servers
Feb 23, 2019 11:10:14 PM ConcordiaServer main
INFO: Server ready.
Feb 23, 2019 11:13:38 PM ConcordiaServer$1 run
INFO: borrowItem is called by /127.0.0.1:59694
Feb 23, 2019 11:13:38 PM ConcordiaServer getBorrowItemResponse
INFO: Borrow item is Called : Requested Item is CON1013 User MONU1111 for days 1
Feb 23, 2019 11:13:38 PM ConcordiaServer getBorrowItemResponse
INFO: Response isWait List Possible
Feb 23, 2019 11:13:38 PM ConcordiaServer$1 run
INFO: sending response [B@c4437c4
Feb 23, 2019 11:13:39 PM ConcordiaServer$1 run
INFO: waitList is called by /127.0.0.1:57977
Feb 23, 2019 11:13:39 PM ConcordiaServer getWaitListResponse
INFO: User Selected to be in Wait List For itemCON1013 User MONU1111
Feb 23, 2019 11:13:39 PM ConcordiaServer getWaitListResponse
INFO: Response isSuccess
Feb 23, 2019 11:13:39 PM ConcordiaServer$1 run
INFO: sending response [B@433c675d
Feb 27, 2019 9:01:58 PM ConcordiaServer main
INFO: Exception org.omg.CORBA.COMM_FAILURE:   vmcid: SUN  minor code: 201  completed: No
Feb 27, 2019 10:33:17 PM ConcordiaServer main
INFO: Server ready.
Feb 27, 2019 10:59:35 PM ConcordiaRemoteServiceImpl listItem
INFO: CONM1111Requested to View Data
Feb 28, 2019 8:36:09 AM ConcordiaServer main
INFO: Server ready.
Feb 28, 2019 8:36:35 AM ConcordiaRemoteServiceImpl listItem
INFO: CONM1111Requested to View Data
Feb 28, 2019 8:42:01 AM ConcordiaServer main
INFO: Server ready.
Mar 02, 2019 10:07:49 AM ConcordiaServer main
INFO: Server ready.
Mar 02, 2019 10:08:05 AM ConcordiaRemoteServiceImpl borrowItem
INFO: CONU1111 has asked to borrow item CON1012
Mar 02, 2019 10:08:10 AM ConcordiaRemoteServiceImpl findItem
INFO: CONU1111requested to find itemDSD
Mar 02, 2019 10:08:10 AM ServerUtils callUDPServer
INFO: Calling  UDP Servers
Mar 02, 2019 10:10:24 AM ConcordiaServer main
INFO: Server ready.
Mar 02, 2019 10:10:52 AM ConcordiaRemoteServiceImpl findItem
INFO: CONU1111requested to find itemDSD
Mar 02, 2019 10:10:55 AM ServerUtils callUDPServer
INFO: Calling  UDP Servers
Mar 02, 2019 10:12:41 AM ConcordiaServer main
INFO: Server ready.
Mar 02, 2019 10:13:04 AM ConcordiaRemoteServiceImpl findItem
INFO: CONU1111requested to find itemDSD
Mar 02, 2019 10:13:06 AM ServerUtils callUDPServer
INFO: Calling  UDP Servers
Mar 02, 2019 10:15:02 AM ConcordiaServer main
INFO: Server ready.
Mar 02, 2019 10:15:11 AM ConcordiaRemoteServiceImpl findItem
INFO: CONU1111requested to find itemDSD
Mar 02, 2019 10:15:13 AM ServerUtils callUDPServer
INFO: Calling  UDP Servers
Mar 02, 2019 10:15:33 AM ServerUtils callUDPServer
INFO: Calling  UDP Servers
Mar 02, 2019 10:16:19 AM ConcordiaRemoteServiceImpl borrowItem
INFO: CONU1111 has asked to borrow item MON1012
Mar 02, 2019 10:16:21 AM ConcordiaRemoteServiceImpl borrowItem
INFO: Calling ExternalUDP Servers To Borrow MON1012 For CONU1111
Mar 02, 2019 10:16:22 AM ServerUtils callUDPServer
INFO: Calling  UDP Servers
Mar 02, 2019 10:16:41 AM ServerUtils callUDPServer
INFO: Calling  UDP Servers
Mar 02, 2019 10:16:54 AM ConcordiaRemoteServiceImpl borrowItem
INFO: CONU1111 has asked to borrow item MON1013
Mar 02, 2019 10:16:54 AM ConcordiaRemoteServiceImpl borrowItem
INFO: Current BorrowerCONU1111Borrowed Item []
Mar 02, 2019 10:16:57 AM ConcordiaRemoteServiceImpl borrowItem
INFO: Calling ExternalUDP Servers To Borrow MON1013 For CONU1111
Mar 02, 2019 10:16:58 AM ServerUtils callUDPServer
INFO: Calling  UDP Servers
Mar 02, 2019 10:17:06 AM ServerUtils callUDPServer
INFO: Calling  UDP Servers
Mar 02, 2019 10:23:44 AM ConcordiaServer main
INFO: Server ready.
Mar 02, 2019 10:23:52 AM ConcordiaRemoteServiceImpl borrowItem
INFO: CONU1111 has asked to borrow item CON1013
Mar 02, 2019 10:24:02 AM ConcordiaRemoteServiceImpl borrowItem
INFO: CONU1111 has asked to borrow item MCG1012
Mar 02, 2019 10:24:02 AM ConcordiaRemoteServiceImpl borrowItem
INFO: Calling ExternalUDP Servers To Borrow MCG1012 For CONU1111
Mar 02, 2019 10:24:02 AM ServerUtils callUDPServer
INFO: Calling  UDP Servers
Mar 02, 2019 10:24:08 AM ConcordiaRemoteServiceImpl borrowItem
INFO: CONU1111 has asked to borrow item MCG1012
Mar 02, 2019 10:24:08 AM ConcordiaRemoteServiceImpl borrowItem
INFO: Current BorrowerCONU1111Borrowed Item [MCG1012]
Mar 02, 2019 10:24:14 AM ConcordiaRemoteServiceImpl borrowItem
INFO: CONU1111 has asked to borrow item MON1012
Mar 02, 2019 10:24:14 AM ConcordiaRemoteServiceImpl borrowItem
INFO: Current BorrowerCONU1111Borrowed Item [MCG1012]
Mar 02, 2019 10:24:14 AM ConcordiaRemoteServiceImpl borrowItem
INFO: Calling ExternalUDP Servers To Borrow MON1012 For CONU1111
Mar 02, 2019 10:24:14 AM ServerUtils callUDPServer
INFO: Calling  UDP Servers
Mar 02, 2019 10:24:18 AM ConcordiaRemoteServiceImpl findItem
INFO: CONU1111requested to find itemDSD
Mar 02, 2019 10:24:18 AM ServerUtils callUDPServer
INFO: Calling  UDP Servers
Mar 02, 2019 10:24:18 AM ServerUtils callUDPServer
INFO: Calling  UDP Servers
Mar 02, 2019 10:24:22 AM ServerUtils callUDPServer
INFO: Calling  UDP Servers
Mar 02, 2019 10:24:32 AM ConcordiaRemoteServiceImpl borrowItem
INFO: CONU1111 has asked to borrow item CON1012
Mar 02, 2019 10:24:32 AM ConcordiaRemoteServiceImpl borrowItem
INFO: Current BorrowerCONU1111Borrowed Item [MCG1012]
Mar 02, 2019 10:37:09 AM ConcordiaRemoteServiceImpl listItem
INFO: CONM1111Requested to View Data
Mar 02, 2019 10:37:12 AM ConcordiaRemoteServiceImpl removeItem
INFO: Remove item is called on Concordia server by CONM1111 for CON1015 for 5
Mar 02, 2019 10:37:12 AM ServerUtils callUDPServer
INFO: Calling  UDP Servers
Mar 02, 2019 10:37:12 AM ConcordiaRemoteServiceImpl addItem
INFO: Add item is called on Concordia server by CONM1111 for CON1015 for 1 name DSD
Mar 02, 2019 10:37:12 AM ConcordiaRemoteServiceImpl addItem
INFO: Item id is not in existing database, Adding as new Item
Mar 02, 2019 10:37:12 AM ConcordiaServer$1 run
INFO: returnItem is called by /127.0.0.1:59779
Mar 02, 2019 10:37:12 AM ConcordiaServer getReturnItemResponse
INFO: Return item is Called :   Item is CON1015 User CONU1111
Mar 02, 2019 10:37:12 AM ConcordiaServer getReturnItemResponse
INFO: Response isFail
Mar 02, 2019 10:37:12 AM ConcordiaServer$1 run
INFO: sending response [B@69d0a921
Mar 02, 2019 10:37:48 AM ConcordiaRemoteServiceImpl borrowItem
INFO: CONU1111 has asked to borrow item CON1012
Mar 02, 2019 10:37:48 AM ConcordiaRemoteServiceImpl borrowItem
INFO: Current BorrowerCONU1111Borrowed Item [MCG1012, CON1012]
Mar 02, 2019 10:37:48 AM ConcordiaRemoteServiceImpl borrowItem
INFO: user already borrowed item 
Mar 02, 2019 10:37:55 AM ConcordiaRemoteServiceImpl borrowItem
INFO: CONU1111 has asked to borrow item CON1013
Mar 02, 2019 10:37:55 AM ConcordiaRemoteServiceImpl borrowItem
INFO: Current BorrowerCONU1111Borrowed Item [MCG1012, CON1012]
Mar 02, 2019 10:38:00 AM ConcordiaRemoteServiceImpl borrowItem
INFO: CONU1111 has asked to borrow item CON1014
Mar 02, 2019 10:38:00 AM ConcordiaRemoteServiceImpl borrowItem
INFO: Current BorrowerCONU1111Borrowed Item [MCG1012, CON1012]
Mar 02, 2019 10:38:00 AM ConcordiaRemoteServiceImpl borrowItem
INFO: CONU1111 Can not borrow , Item id is unknown to Library  CON1014
Mar 02, 2019 10:38:08 AM ConcordiaRemoteServiceImpl borrowItem
INFO: CONU1111 has asked to borrow item MON1014
Mar 02, 2019 10:38:08 AM ConcordiaRemoteServiceImpl borrowItem
INFO: Current BorrowerCONU1111Borrowed Item [MCG1012, CON1012]
Mar 02, 2019 10:38:08 AM ConcordiaRemoteServiceImpl borrowItem
INFO: Calling ExternalUDP Servers To Borrow MON1014 For CONU1111
Mar 02, 2019 10:38:08 AM ServerUtils callUDPServer
INFO: Calling  UDP Servers
Mar 02, 2019 10:38:26 AM ConcordiaRemoteServiceImpl removeItem
INFO: Remove item is called on Concordia server by CONM1111 for CON1015 for 5
Mar 02, 2019 10:38:26 AM ConcordiaRemoteServiceImpl returnItem
INFO: Return Item Response is Fail
Mar 02, 2019 10:38:26 AM ConcordiaRemoteServiceImpl addItem
INFO: Add item is called on Concordia server by CONM1111 for CON1015 for 1 name DSD
Mar 02, 2019 10:38:26 AM ConcordiaRemoteServiceImpl addItem
INFO: Item id   exist in  database, modifying  Item
Mar 02, 2019 10:38:26 AM ConcordiaRemoteServiceImpl addItem
INFO: Item id and Item name matches
Mar 02, 2019 10:38:26 AM ConcordiaRemoteServiceImpl addItem
INFO: previous item details{, itemName='DSD', quantity=1}
Mar 02, 2019 10:38:26 AM ConcordiaRemoteServiceImpl addItem
INFO: updated item details{, itemName='DSD', quantity=2}
Mar 04, 2019 3:59:43 PM ConcordiaServer main
INFO: Server ready.
Mar 04, 2019 3:59:56 PM ConcordiaRemoteServiceImpl borrowItem
INFO: CONU1111 has asked to borrow item CON1012
Mar 04, 2019 4:00:06 PM ConcordiaRemoteServiceImpl listItem
INFO: CONM1111Requested to View Data
Mar 04, 2019 4:00:52 PM ConcordiaServer main
INFO: Server ready.
Mar 04, 2019 4:01:07 PM ConcordiaRemoteServiceImpl borrowItem
INFO: CONU1111 has asked to borrow item CON1012
Mar 04, 2019 4:01:11 PM ConcordiaRemoteServiceImpl borrowItem
INFO: CONU1111 has asked to borrow item CON1013
Mar 04, 2019 4:01:11 PM ConcordiaRemoteServiceImpl borrowItem
INFO: Current BorrowerCONU1111Borrowed Item [CON1012]
Mar 04, 2019 4:01:21 PM ConcordiaRemoteServiceImpl listItem
INFO: CONM1111Requested to View Data
Mar 04, 2019 4:01:46 PM ConcordiaRemoteServiceImpl addItem
INFO: Add item is called on Concordia server by CONM1111 for CON1013 for 11 name ALGO
Mar 04, 2019 4:01:46 PM ConcordiaRemoteServiceImpl addItem
INFO: Item id   exist in  database, modifying  Item
Mar 04, 2019 4:01:46 PM ConcordiaRemoteServiceImpl addItem
INFO: Item id and Item name matches
Mar 04, 2019 4:01:46 PM ConcordiaRemoteServiceImpl addItem
INFO: previous item details{, itemName='ALGO', quantity=0}
Mar 04, 2019 4:01:46 PM ConcordiaRemoteServiceImpl addItem
INFO: updated item details{, itemName='ALGO', quantity=11}
Mar 04, 2019 4:01:46 PM ConcordiaRemoteServiceImpl addItem
INFO: previous quantity was 0 , now need to process waiting list
Mar 04, 2019 4:01:46 PM ConcordiaRemoteServiceImpl processWaitingListIfPossible
INFO: Now attempting to process wait list
Mar 04, 2019 4:01:46 PM ConcordiaRemoteServiceImpl processWaitingListIfPossible
INFO: Waiting List Found For The Item Id CON1013
Mar 04, 2019 4:01:46 PM ConcordiaRemoteServiceImpl processWaitingListIfPossible
INFO: CON1013  is assigned to CONU1111
Mar 04, 2019 4:01:54 PM ConcordiaRemoteServiceImpl listItem
INFO: CONM1111Requested to View Data
Mar 04, 2019 4:24:09 PM ConcordiaServer main
INFO: Server ready.
Mar 04, 2019 4:26:10 PM ConcordiaServer main
INFO: Server ready.
Mar 04, 2019 4:27:33 PM ConcordiaServer main
INFO: Server ready.
Mar 04, 2019 4:37:05 PM ConcordiaServer main
INFO: Server ready.
Mar 04, 2019 4:37:40 PM ConcordiaRemoteServiceImpl borrowItem
INFO: CONU1111 has asked to borrow item CON1012
Mar 05, 2019 6:53:23 PM ConcordiaServer main
INFO: Server ready.
Mar 05, 2019 6:53:45 PM ConcordiaRemoteServiceImpl borrowItem
INFO: CONU1111 has asked to borrow item MON1012
Mar 05, 2019 6:53:45 PM ConcordiaRemoteServiceImpl borrowItem
INFO: Calling ExternalUDP Servers To Borrow MON1012 For CONU1111
Mar 05, 2019 6:53:45 PM ServerUtils callUDPServer
INFO: Calling  UDP Servers
Mar 05, 2019 6:54:29 PM ConcordiaRemoteServiceImpl borrowItem
INFO: CONU1111 has asked to borrow item MON1012
Mar 05, 2019 6:54:29 PM ConcordiaRemoteServiceImpl validateBorrow
INFO: Current BorrowerCONU1111Borrowed Item [MON1012]
Mar 05, 2019 7:10:26 PM ConcordiaServer main
INFO: Server ready.
Mar 05, 2019 7:10:52 PM ConcordiaRemoteServiceImpl borrowItem
INFO: CONU1111 has asked to borrow item CON1012
Mar 05, 2019 7:12:14 PM ConcordiaServer main
INFO: Server ready.
Mar 05, 2019 7:15:07 PM ConcordiaServer main
INFO: Server ready.
Mar 05, 2019 7:16:39 PM ConcordiaServer$1 run
INFO: validateBorrow is called by /127.0.0.1:53655
Mar 05, 2019 7:16:39 PM ConcordiaServer$1 run
INFO: sending response [B@5a955565
Mar 05, 2019 7:23:54 PM ConcordiaServer main
INFO: Server ready.
Mar 05, 2019 7:24:59 PM ConcordiaServer$1 run
INFO: validateBorrow is called by /127.0.0.1:60196
Mar 05, 2019 7:24:59 PM ConcordiaServer$1 run
INFO: sending response [B@799f7e29
Mar 05, 2019 7:24:59 PM ConcordiaServer$1 run
INFO: borrowItem is called by /127.0.0.1:60197
Mar 05, 2019 7:24:59 PM ConcordiaServer getBorrowItemResponse
INFO: Borrow item is Called : Requested Item is CON1012 User MONU1111 for days 2
Mar 05, 2019 7:24:59 PM ConcordiaServer getBorrowItemResponse
INFO: Response isSuccess
Mar 05, 2019 7:24:59 PM ConcordiaServer$1 run
INFO: sending response [B@4b85612c
Mar 05, 2019 7:25:17 PM ConcordiaServer$1 run
INFO: returnItem is called by /127.0.0.1:60198
Mar 05, 2019 7:25:17 PM ConcordiaServer getReturnItemResponse
INFO: Return item is Called :   Item is CON1012 User MONU1111
Mar 05, 2019 7:25:17 PM ConcordiaServer getReturnItemResponse
INFO: Response isSuccess
Mar 05, 2019 7:25:17 PM ConcordiaServer$1 run
INFO: sending response [B@277050dc
Mar 05, 2019 7:25:41 PM ConcordiaServer$1 run
INFO: validateBorrow is called by /127.0.0.1:60199
Mar 05, 2019 7:25:41 PM ConcordiaServer$1 run
INFO: sending response [B@5c29bfd
Mar 05, 2019 7:26:02 PM ConcordiaRemoteServiceImpl listItem
INFO: CONM1111Requested to View Data
Mar 05, 2019 7:26:52 PM ConcordiaServer$1 run
INFO: returnItem is called by /127.0.0.1:56283
Mar 05, 2019 7:26:52 PM ConcordiaServer getReturnItemResponse
INFO: Return item is Called :   Item is CON1012 User MONU1111
Mar 05, 2019 7:26:52 PM ConcordiaServer getReturnItemResponse
INFO: Response isFail
Mar 05, 2019 7:26:52 PM ConcordiaServer$1 run
INFO: sending response [B@7aec35a
Mar 05, 2019 7:27:19 PM ConcordiaServer main
INFO: Server ready.
Mar 05, 2019 7:28:31 PM ConcordiaServer$1 run
INFO: validateBorrow is called by /127.0.0.1:51170
Mar 05, 2019 7:28:31 PM ConcordiaServer$1 run
INFO: sending response [B@5a955565
Mar 05, 2019 7:29:20 PM ConcordiaServer$1 run
INFO: borrowItem is called by /127.0.0.1:54716
Mar 05, 2019 7:29:20 PM ConcordiaServer getBorrowItemResponse
INFO: Borrow item is Called : Requested Item is CON1012 User MONU1111 for days 2
Mar 05, 2019 7:29:27 PM ConcordiaServer getBorrowItemResponse
INFO: Response isSuccess
Mar 05, 2019 7:29:38 PM ConcordiaServer$1 run
INFO: sending response [B@6293abcc
Mar 05, 2019 7:52:10 PM ConcordiaServer main
INFO: Server ready.
Mar 07, 2019 2:29:39 PM ConcordiaServer main
INFO: Server ready.
Mar 07, 2019 2:39:42 PM ConcordiaServer$1 run
INFO: borrowItem is called by /127.0.0.1:63340
Mar 07, 2019 2:39:42 PM ConcordiaServer getBorrowItemResponse
INFO: Borrow item is Called : Requested Item is CON1012 User MONU1111 for days 1
Mar 07, 2019 2:39:42 PM ConcordiaServer getBorrowItemResponse
INFO: Response isSuccess
Mar 07, 2019 2:39:42 PM ConcordiaServer$1 run
INFO: sending response [B@799f7e29
Mar 07, 2019 2:39:56 PM ConcordiaServer$1 run
INFO: validateReturn is called by /127.0.0.1:63345
Mar 07, 2019 2:39:56 PM ConcordiaServer$1 run
INFO: sending response [B@4b85612c
Mar 07, 2019 2:40:55 PM ConcordiaRemoteServiceImpl listItem
INFO: CONM1111Requested to View Data
Mar 07, 2019 2:41:52 PM ConcordiaServer main
INFO: Server ready.
Mar 07, 2019 2:42:33 PM ConcordiaServer$1 run
INFO: borrowItem is called by /127.0.0.1:58609
Mar 07, 2019 2:42:33 PM ConcordiaServer getBorrowItemResponse
INFO: Borrow item is Called : Requested Item is CON1012 User MONU1111 for days 1
Mar 07, 2019 2:42:33 PM ConcordiaServer getBorrowItemResponse
INFO: Response isSuccess
Mar 07, 2019 2:42:33 PM ConcordiaServer$1 run
INFO: sending response [B@5a955565
Mar 07, 2019 2:43:33 PM ConcordiaServer$1 run
INFO: validateReturn is called by /127.0.0.1:58617
Mar 07, 2019 2:43:33 PM ConcordiaServer$1 run
INFO: sending response [B@6293abcc
Mar 07, 2019 2:45:16 PM ConcordiaServer$1 run
INFO: validateReturn is called by /127.0.0.1:50710
Mar 07, 2019 2:45:16 PM ConcordiaServer$1 run
INFO: sending response [B@7995092a
Mar 07, 2019 3:01:00 PM ConcordiaServer main
INFO: Server ready.
Mar 07, 2019 3:01:23 PM ConcordiaRemoteServiceImpl borrowItem
INFO: CONU1111 has asked to borrow item CON1013
Mar 07, 2019 3:01:38 PM ConcordiaServer$1 run
INFO: borrowItem is called by /127.0.0.1:61767
Mar 07, 2019 3:01:38 PM ConcordiaServer getBorrowItemResponse
INFO: Borrow item is Called : Requested Item is CON1012 User MONU1111 for days 1
Mar 07, 2019 3:01:38 PM ConcordiaServer getBorrowItemResponse
INFO: Response isSuccess
Mar 07, 2019 3:01:38 PM ConcordiaServer$1 run
INFO: sending response [B@799f7e29
Mar 07, 2019 3:01:45 PM ConcordiaServer$1 run
INFO: validateReturn is called by /127.0.0.1:61768
Mar 07, 2019 3:01:45 PM ConcordiaServer$1 run
INFO: sending response [B@4b85612c
Mar 07, 2019 3:01:45 PM ConcordiaServer$1 run
INFO: returnItem is called by /127.0.0.1:61769
Mar 07, 2019 3:01:45 PM ConcordiaServer getReturnItemResponse
INFO: Return item is Called :   Item is CON1012 User MONU1111
Mar 07, 2019 3:01:45 PM ConcordiaServer getReturnItemResponse
INFO: Response isSuccess
Mar 07, 2019 3:01:45 PM ConcordiaServer$1 run
INFO: sending response [B@277050dc
Mar 07, 2019 3:01:55 PM ConcordiaServer$1 run
INFO: returnItem is called by /127.0.0.1:61770
Mar 07, 2019 3:01:55 PM ConcordiaServer getReturnItemResponse
INFO: Return item is Called :   Item is CON1012 User MONU1111
Mar 07, 2019 3:01:55 PM ConcordiaServer getReturnItemResponse
INFO: Response isFail
Mar 07, 2019 3:01:55 PM ConcordiaServer$1 run
INFO: sending response [B@5c29bfd
Mar 07, 2019 5:40:00 PM ConcordiaServer main
INFO: Server ready.
Mar 07, 2019 5:40:27 PM ConcordiaRemoteServiceImpl borrowItem
INFO: CONU1111 has asked to borrow item CON1012
Mar 07, 2019 5:40:33 PM ConcordiaRemoteServiceImpl borrowItem
INFO: CONU1111 has asked to borrow item CON1012
Mar 07, 2019 5:40:33 PM ConcordiaRemoteServiceImpl validateBorrow
INFO: Current BorrowerCONU1111Borrowed Item [CON1012]
Mar 07, 2019 5:40:33 PM ConcordiaRemoteServiceImpl validateBorrow
INFO: user already borrowed item 
Mar 07, 2019 5:41:07 PM ConcordiaRemoteServiceImpl performExchange
INFO: Need to connect to external server ....
Mar 07, 2019 5:41:07 PM ConcordiaRemoteServiceImpl performExchange
INFO: MON1013belongs to external server
Mar 07, 2019 5:41:07 PM ConcordiaRemoteServiceImpl performExchange
INFO: VerifyingMON1013 is is available to borrow In MON
Mar 07, 2019 5:41:07 PM ServerUtils callUDPServer
INFO: Calling  UDP Servers
Mar 07, 2019 5:41:07 PM ConcordiaRemoteServiceImpl performExchange
INFO: Response received from MON is false
Mar 07, 2019 5:41:19 PM ConcordiaRemoteServiceImpl findItem
INFO: CONU1111requested to find itemMON1013
Mar 07, 2019 5:41:19 PM ServerUtils callUDPServer
INFO: Calling  UDP Servers
Mar 07, 2019 5:41:19 PM ServerUtils callUDPServer
INFO: Calling  UDP Servers
Mar 07, 2019 5:41:56 PM ConcordiaRemoteServiceImpl performExchange
INFO: Need to connect to external server ....
Mar 07, 2019 5:41:56 PM ConcordiaRemoteServiceImpl performExchange
INFO: MCG1012belongs to external server
Mar 07, 2019 5:41:56 PM ConcordiaRemoteServiceImpl performExchange
INFO: VerifyingMCG1012 is is available to borrow In MCG
Mar 07, 2019 5:41:56 PM ServerUtils callUDPServer
INFO: Calling  UDP Servers
Mar 07, 2019 5:41:56 PM ConcordiaRemoteServiceImpl performExchange
INFO: Response received from MCG is true
Mar 07, 2019 5:41:56 PM ConcordiaRemoteServiceImpl performExchange
INFO: validation successful
Mar 07, 2019 5:41:56 PM ConcordiaRemoteServiceImpl returnItem
INFO: Return Item Response is Success
Mar 07, 2019 5:41:56 PM ConcordiaRemoteServiceImpl borrowItem
INFO: CONU1111 has asked to borrow item MCG1012
Mar 07, 2019 5:41:56 PM ConcordiaRemoteServiceImpl validateBorrow
INFO: Current BorrowerCONU1111Borrowed Item []
Mar 07, 2019 5:41:56 PM ConcordiaRemoteServiceImpl borrowItem
INFO: Calling ExternalUDP Servers To Borrow MCG1012 For CONU1111
Mar 07, 2019 5:41:56 PM ServerUtils callUDPServer
INFO: Calling  UDP Servers
Mar 07, 2019 5:42:04 PM ServerUtils callUDPServer
INFO: Calling  UDP Servers
Mar 07, 2019 5:53:23 PM ConcordiaServer main
INFO: Server ready.
Mar 07, 2019 6:00:34 PM ConcordiaRemoteServiceImpl addItem
INFO: Add item is called on Concordia server by CONM1111 for CON6231 for 2 name Distributed
Mar 07, 2019 6:00:34 PM ConcordiaRemoteServiceImpl addItem
INFO: Item id is not in existing database, Adding as new Item
Mar 07, 2019 6:00:59 PM ConcordiaRemoteServiceImpl addItem
INFO: Add item is called on Concordia server by CONM1111 for CON7654 for 1 name APP
Mar 07, 2019 6:00:59 PM ConcordiaRemoteServiceImpl addItem
INFO: Item id is not in existing database, Adding as new Item
Mar 07, 2019 6:03:09 PM ConcordiaServer$1 run
INFO: borrowItem is called by /127.0.0.1:62086
Mar 07, 2019 6:03:09 PM ConcordiaServer getBorrowItemResponse
INFO: Borrow item is Called : Requested Item is CON6231 User MONU1111 for days 1
Mar 07, 2019 6:03:09 PM ConcordiaServer getBorrowItemResponse
INFO: Response isSuccess
Mar 07, 2019 6:03:09 PM ConcordiaServer$1 run
INFO: sending response [B@799f7e29
Mar 07, 2019 6:04:37 PM ConcordiaServer$1 run
INFO: findItem is called by /127.0.0.1:54528
Mar 07, 2019 6:04:37 PM ConcordiaServer getFindItemResponse
INFO: FindItem is Called : Requested Item is Distributed
Mar 07, 2019 6:04:37 PM ConcordiaServer getFindItemResponse
INFO: Response is  CON6231 1
Mar 07, 2019 6:04:37 PM ConcordiaServer$1 run
INFO: sending response [B@4b85612c
Mar 07, 2019 6:38:27 PM ConcordiaServer main
INFO: Server ready.
Mar 07, 2019 7:08:58 PM ConcordiaRemoteServiceImpl addItem
INFO: Add item is called on Concordia server by CONM1111 for CON6231 for 2 name Distributed
Mar 07, 2019 7:08:58 PM ConcordiaRemoteServiceImpl addItem
INFO: Item id is not in existing database, Adding as new Item
Mar 07, 2019 7:09:19 PM ConcordiaRemoteServiceImpl addItem
INFO: Add item is called on Concordia server by CONM1111 for CON7654 for 1 name APP
Mar 07, 2019 7:09:19 PM ConcordiaRemoteServiceImpl addItem
INFO: Item id is not in existing database, Adding as new Item
Mar 07, 2019 7:09:22 PM ConcordiaRemoteServiceImpl listItem
INFO: CONM1111Requested to View Data
Mar 07, 2019 7:10:15 PM ConcordiaServer$1 run
INFO: borrowItem is called by /127.0.0.1:55433
Mar 07, 2019 7:10:15 PM ConcordiaServer getBorrowItemResponse
INFO: Borrow item is Called : Requested Item is CON6231 User MONU1111 for days 1
Mar 07, 2019 7:10:15 PM ConcordiaServer getBorrowItemResponse
INFO: Response isSuccess
Mar 07, 2019 7:10:15 PM ConcordiaServer$1 run
INFO: sending response [B@799f7e29
Mar 07, 2019 7:13:10 PM ConcordiaServer$1 run
INFO: returnItem is called by /127.0.0.1:58906
Mar 07, 2019 7:13:10 PM ConcordiaServer getReturnItemResponse
INFO: Return item is Called :   Item is CON1012 User MONU1111
Mar 07, 2019 7:13:10 PM ConcordiaServer getReturnItemResponse
INFO: Response isFail
Mar 07, 2019 7:13:10 PM ConcordiaServer$1 run
INFO: sending response [B@4b85612c
Mar 07, 2019 7:14:08 PM ConcordiaRemoteServiceImpl listItem
INFO: CONM1111Requested to View Data
Mar 07, 2019 7:15:42 PM ConcordiaServer$1 run
INFO: returnItem is called by /127.0.0.1:56208
Mar 07, 2019 7:15:42 PM ConcordiaServer getReturnItemResponse
INFO: Return item is Called :   Item is CON6231 User MONU1111
Mar 07, 2019 7:15:42 PM ConcordiaServer getReturnItemResponse
INFO: Response isSuccess
Mar 07, 2019 7:15:42 PM ConcordiaServer$1 run
INFO: sending response [B@277050dc
Mar 07, 2019 7:15:55 PM ConcordiaServer$1 run
INFO: borrowItem is called by /127.0.0.1:56209
Mar 07, 2019 7:15:55 PM ConcordiaServer getBorrowItemResponse
INFO: Borrow item is Called : Requested Item is CON6231 User MONU1111 for days 1
Mar 07, 2019 7:15:55 PM ConcordiaServer getBorrowItemResponse
INFO: Response isSuccess
Mar 07, 2019 7:15:55 PM ConcordiaServer$1 run
INFO: sending response [B@5c29bfd
Mar 07, 2019 7:16:09 PM ConcordiaServer$1 run
INFO: validateReturn is called by /127.0.0.1:56210
Mar 07, 2019 7:16:09 PM ConcordiaServer$1 run
INFO: sending response [B@7aec35a
Mar 07, 2019 7:16:09 PM ConcordiaServer$1 run
INFO: returnItem is called by /127.0.0.1:56211
Mar 07, 2019 7:16:09 PM ConcordiaServer getReturnItemResponse
INFO: Return item is Called :   Item is CON6231 User MONU1111
Mar 07, 2019 7:16:09 PM ConcordiaServer getReturnItemResponse
INFO: Response isSuccess
Mar 07, 2019 7:16:09 PM ConcordiaServer$1 run
INFO: sending response [B@67424e82
Mar 07, 2019 7:16:18 PM ConcordiaServer$1 run
INFO: returnItem is called by /127.0.0.1:56212
Mar 07, 2019 7:16:18 PM ConcordiaServer getReturnItemResponse
INFO: Return item is Called :   Item is CON6231 User MONU1111
Mar 07, 2019 7:16:18 PM ConcordiaServer getReturnItemResponse
INFO: Response isFail
Mar 07, 2019 7:16:18 PM ConcordiaServer$1 run
INFO: sending response [B@42110406
Mar 07, 2019 8:01:56 PM ConcordiaServer main
INFO: Server ready.
Mar 07, 2019 8:02:17 PM ConcordiaServer$1 run
INFO: borrowItem is called by /127.0.0.1:65479
Mar 07, 2019 8:02:17 PM ConcordiaServer getBorrowItemResponse
INFO: Borrow item is Called : Requested Item is CON1012 User MONU1111 for days 1
Mar 07, 2019 8:02:18 PM ConcordiaServer getBorrowItemResponse
INFO: Response isSuccess
Mar 07, 2019 8:02:18 PM ConcordiaServer$1 run
INFO: sending response [B@5a955565
Mar 07, 2019 8:03:00 PM ConcordiaRemoteServiceImpl addItem
INFO: Add item is called on Concordia server by CONM1111 for CON1013 for 11 name ALGO
Mar 07, 2019 8:03:00 PM ConcordiaRemoteServiceImpl addItem
INFO: Item id   exist in  database, modifying  Item
Mar 07, 2019 8:03:00 PM ConcordiaRemoteServiceImpl addItem
INFO: Item id and Item name matches
Mar 07, 2019 8:03:00 PM ConcordiaRemoteServiceImpl addItem
INFO: previous item details{, itemName='ALGO', quantity=0}
Mar 07, 2019 8:03:00 PM ConcordiaRemoteServiceImpl addItem
INFO: updated item details{, itemName='ALGO', quantity=11}
Mar 07, 2019 8:03:00 PM ConcordiaRemoteServiceImpl addItem
INFO: previous quantity was 0 , now need to process waiting list
Mar 07, 2019 8:03:00 PM ConcordiaRemoteServiceImpl processWaitingListIfPossible
INFO: Now attempting to process wait list
Mar 07, 2019 8:06:07 PM ConcordiaServer main
INFO: Server ready.
Mar 07, 2019 8:06:27 PM ConcordiaServer$1 run
INFO: borrowItem is called by /127.0.0.1:65482
Mar 07, 2019 8:06:27 PM ConcordiaServer getBorrowItemResponse
INFO: Borrow item is Called : Requested Item is CON1012 User MONU1111 for days 1
Mar 07, 2019 8:06:27 PM ConcordiaServer getBorrowItemResponse
INFO: Response isSuccess
Mar 07, 2019 8:06:27 PM ConcordiaServer$1 run
INFO: sending response [B@799f7e29
Mar 07, 2019 8:09:08 PM ConcordiaServer$1 run
INFO: validateReturn is called by /127.0.0.1:64965
Mar 07, 2019 8:09:08 PM ConcordiaServer$1 run
INFO: sending response [B@4b85612c
Mar 07, 2019 8:09:08 PM ConcordiaServer$1 run
INFO: validateBorrow is called by /127.0.0.1:64966
Mar 07, 2019 8:09:08 PM ConcordiaServer$1 run
INFO: sending response [B@277050dc
Mar 07, 2019 8:09:17 PM ConcordiaServer$1 run
INFO: validateReturn is called by /127.0.0.1:64967
Mar 07, 2019 8:09:17 PM ConcordiaServer$1 run
INFO: sending response [B@5c29bfd
Mar 07, 2019 8:09:17 PM ConcordiaServer$1 run
INFO: validateBorrow is called by /127.0.0.1:64968
Mar 07, 2019 8:09:17 PM ConcordiaServer$1 run
INFO: sending response [B@7aec35a
Mar 07, 2019 8:09:23 PM ConcordiaServer$1 run
INFO: returnItem is called by /127.0.0.1:64969
Mar 07, 2019 8:09:23 PM ConcordiaServer getReturnItemResponse
INFO: Return item is Called :   Item is CON1012 User MONU1111
Mar 07, 2019 8:09:23 PM ConcordiaServer getReturnItemResponse
INFO: Response isSuccess
Mar 07, 2019 8:09:23 PM ConcordiaServer$1 run
INFO: sending response [B@67424e82
Mar 07, 2019 8:09:46 PM ConcordiaServer main
INFO: Server ready.
Mar 07, 2019 8:10:12 PM ConcordiaServer$1 run
INFO: borrowItem is called by /127.0.0.1:64970
Mar 07, 2019 8:10:12 PM ConcordiaServer getBorrowItemResponse
INFO: Borrow item is Called : Requested Item is CON1012 User MONU1111 for days 1
Mar 07, 2019 8:10:13 PM ConcordiaServer getBorrowItemResponse
INFO: Response isSuccess
Mar 07, 2019 8:10:13 PM ConcordiaServer$1 run
INFO: sending response [B@5a955565
Mar 07, 2019 8:10:52 PM ConcordiaServer$1 run
INFO: validateReturn is called by /127.0.0.1:64971
Mar 07, 2019 8:10:52 PM ConcordiaServer main
INFO: Exception java.lang.NullPointerException
Mar 07, 2019 8:17:16 PM ConcordiaServer main
INFO: Server ready.
Mar 07, 2019 8:17:20 PM ConcordiaServer main
INFO: Server ready.
Mar 07, 2019 8:17:48 PM ConcordiaRemoteServiceImpl addItem
INFO: Add item is called on Concordia server by CONM1111 for CON1013 for 3 name ALGO
Mar 07, 2019 8:17:48 PM ConcordiaRemoteServiceImpl addItem
INFO: Item id   exist in  database, modifying  Item
Mar 07, 2019 8:17:48 PM ConcordiaRemoteServiceImpl addItem
INFO: Item id and Item name matches
Mar 07, 2019 8:17:48 PM ConcordiaRemoteServiceImpl addItem
INFO: previous item details{, itemName='ALGO', quantity=0}
Mar 07, 2019 8:17:48 PM ConcordiaRemoteServiceImpl addItem
INFO: updated item details{, itemName='ALGO', quantity=3}
Mar 07, 2019 8:17:48 PM ConcordiaRemoteServiceImpl addItem
INFO: previous quantity was 0 , now need to process waiting list
Mar 07, 2019 8:17:48 PM ConcordiaRemoteServiceImpl processWaitingListIfPossible
INFO: Now attempting to process wait list
Mar 07, 2019 8:18:16 PM ConcordiaServer$1 run
INFO: borrowItem is called by /127.0.0.1:59416
Mar 07, 2019 8:18:16 PM ConcordiaServer getBorrowItemResponse
INFO: Borrow item is Called : Requested Item is CON1012 User MONU1111 for days 1
Mar 07, 2019 8:18:18 PM ConcordiaServer getBorrowItemResponse
INFO: Response isSuccess
Mar 07, 2019 8:18:18 PM ConcordiaServer$1 run
INFO: sending response [B@5a955565
Mar 07, 2019 8:19:25 PM ConcordiaServer$1 run
INFO: validateReturn is called by /127.0.0.1:52638
Mar 07, 2019 8:19:25 PM ConcordiaServer$1 run
INFO: sending response [B@6293abcc
Mar 07, 2019 8:19:51 PM ConcordiaServer$1 run
INFO: validateBorrow is called by /127.0.0.1:60315
Mar 07, 2019 8:19:51 PM ConcordiaServer$1 run
INFO: sending response [B@7995092a
Mar 07, 2019 8:20:08 PM ConcordiaServer$1 run
INFO: returnItem is called by /127.0.0.1:60316
Mar 07, 2019 8:20:08 PM ConcordiaServer getReturnItemResponse
INFO: Return item is Called :   Item is CON1012 User MONU1111
Mar 07, 2019 8:20:19 PM ConcordiaServer getReturnItemResponse
INFO: Response isSuccess
Mar 07, 2019 8:20:27 PM ConcordiaServer$1 run
INFO: sending response [B@7fc2413d
Mar 07, 2019 8:21:21 PM ConcordiaServer main
INFO: Server ready.
Mar 07, 2019 8:21:45 PM ConcordiaRemoteServiceImpl addItem
INFO: Add item is called on Concordia server by CONM1111 for CON1013 for 11 name ALGO
Mar 07, 2019 8:21:45 PM ConcordiaRemoteServiceImpl addItem
INFO: Item id   exist in  database, modifying  Item
Mar 07, 2019 8:21:45 PM ConcordiaRemoteServiceImpl addItem
INFO: Item id and Item name matches
Mar 07, 2019 8:21:45 PM ConcordiaRemoteServiceImpl addItem
INFO: previous item details{, itemName='ALGO', quantity=0}
Mar 07, 2019 8:21:45 PM ConcordiaRemoteServiceImpl addItem
INFO: updated item details{, itemName='ALGO', quantity=11}
Mar 07, 2019 8:21:45 PM ConcordiaRemoteServiceImpl addItem
INFO: previous quantity was 0 , now need to process waiting list
Mar 07, 2019 8:21:45 PM ConcordiaRemoteServiceImpl processWaitingListIfPossible
INFO: Now attempting to process wait list
Mar 07, 2019 8:22:37 PM ConcordiaRemoteServiceImpl performExchange
INFO: Exchange item is not valid
Mar 07, 2019 8:22:57 PM ConcordiaRemoteServiceImpl borrowItem
INFO: CONU1111 has asked to borrow item CON1012
Mar 07, 2019 8:23:08 PM ConcordiaServer$1 run
INFO: borrowItem is called by /127.0.0.1:58662
Mar 07, 2019 8:23:08 PM ConcordiaServer getBorrowItemResponse
INFO: Borrow item is Called : Requested Item is CON1012 User MONU1111 for days 1
Mar 07, 2019 8:23:08 PM ConcordiaServer getBorrowItemResponse
INFO: Response isSuccess
Mar 07, 2019 8:23:08 PM ConcordiaServer$1 run
INFO: sending response [B@799f7e29
Mar 07, 2019 8:23:16 PM ConcordiaServer$1 run
INFO: validateReturn is called by /127.0.0.1:58663
Mar 07, 2019 8:23:16 PM ConcordiaServer$1 run
INFO: sending response [B@4b85612c
Mar 07, 2019 8:23:16 PM ConcordiaServer$1 run
INFO: validateBorrow is called by /127.0.0.1:58664
Mar 07, 2019 8:23:16 PM ConcordiaServer$1 run
INFO: sending response [B@277050dc
Mar 07, 2019 8:23:16 PM ConcordiaServer$1 run
INFO: returnItem is called by /127.0.0.1:58665
Mar 07, 2019 8:23:16 PM ConcordiaServer getReturnItemResponse
INFO: Return item is Called :   Item is CON1012 User MONU1111
Mar 07, 2019 8:23:16 PM ConcordiaServer getReturnItemResponse
INFO: Response isSuccess
Mar 07, 2019 8:23:16 PM ConcordiaServer$1 run
INFO: sending response [B@5c29bfd
Mar 07, 2019 8:23:16 PM ConcordiaServer$1 run
INFO: borrowItem is called by /127.0.0.1:58666
Mar 07, 2019 8:23:16 PM ConcordiaServer getBorrowItemResponse
INFO: Borrow item is Called : Requested Item is CON1013 User MONU1111 for days 2
Mar 07, 2019 8:23:16 PM ConcordiaServer getBorrowItemResponse
INFO: Response isSuccess
Mar 07, 2019 8:23:16 PM ConcordiaServer$1 run
INFO: sending response [B@7aec35a
Mar 07, 2019 8:23:22 PM ConcordiaServer$1 run
INFO: returnItem is called by /127.0.0.1:58667
Mar 07, 2019 8:23:22 PM ConcordiaServer getReturnItemResponse
INFO: Return item is Called :   Item is CON1012 User MONU1111
Mar 07, 2019 8:23:22 PM ConcordiaServer getReturnItemResponse
INFO: Response isFail
Mar 07, 2019 8:23:22 PM ConcordiaServer$1 run
INFO: sending response [B@67424e82
Mar 07, 2019 8:23:29 PM ConcordiaServer$1 run
INFO: returnItem is called by /127.0.0.1:58668
Mar 07, 2019 8:23:29 PM ConcordiaServer getReturnItemResponse
INFO: Return item is Called :   Item is CON1013 User MONU1111
Mar 07, 2019 8:23:29 PM ConcordiaServer getReturnItemResponse
INFO: Response isSuccess
Mar 07, 2019 8:23:29 PM ConcordiaServer$1 run
INFO: sending response [B@42110406
Mar 07, 2019 8:23:37 PM ConcordiaServer$1 run
INFO: borrowItem is called by /127.0.0.1:58669
Mar 07, 2019 8:23:37 PM ConcordiaServer getBorrowItemResponse
INFO: Borrow item is Called : Requested Item is CON1012 User MONU1111 for days 11
Mar 07, 2019 8:23:37 PM ConcordiaServer getBorrowItemResponse
INFO: Response isSuccess
Mar 07, 2019 8:23:37 PM ConcordiaServer$1 run
INFO: sending response [B@531d72ca
Mar 07, 2019 8:24:27 PM ConcordiaServer$1 run
INFO: validateReturn is called by /127.0.0.1:51778
Mar 07, 2019 8:24:27 PM ConcordiaServer$1 run
INFO: sending response [B@22d8cfe0
Mar 07, 2019 8:24:27 PM ConcordiaServer$1 run
INFO: returnItem is called by /127.0.0.1:51780
Mar 07, 2019 8:24:27 PM ConcordiaServer getReturnItemResponse
INFO: Return item is Called :   Item is CON1012 User MONU1111
Mar 07, 2019 8:24:27 PM ConcordiaServer getReturnItemResponse
INFO: Response isSuccess
Mar 07, 2019 8:24:27 PM ConcordiaServer$1 run
INFO: sending response [B@579bb367
Mar 07, 2019 8:29:52 PM ConcordiaServer main
INFO: Server ready.
Mar 07, 2019 8:30:18 PM ConcordiaServer$1 run
INFO: borrowItem is called by /127.0.0.1:63671
Mar 07, 2019 8:30:18 PM ConcordiaServer getBorrowItemResponse
INFO: Borrow item is Called : Requested Item is CON1012 User MONU1111 for days 11
Mar 07, 2019 8:30:18 PM ConcordiaServer getBorrowItemResponse
INFO: Response isSuccess
Mar 07, 2019 8:30:18 PM ConcordiaServer$1 run
INFO: sending response [B@799f7e29
Mar 07, 2019 8:30:43 PM ConcordiaServer$1 run
INFO: validateBorrow is called by /127.0.0.1:63674
Mar 07, 2019 8:30:43 PM ConcordiaServer$1 run
INFO: sending response [B@4b85612c
Mar 07, 2019 8:31:12 PM ConcordiaRemoteServiceImpl addItem
INFO: Add item is called on Concordia server by CONM1111 for CON1013 for 11 name ALGO
Mar 07, 2019 8:31:12 PM ConcordiaRemoteServiceImpl addItem
INFO: Item id   exist in  database, modifying  Item
Mar 07, 2019 8:31:12 PM ConcordiaRemoteServiceImpl addItem
INFO: Item id and Item name matches
Mar 07, 2019 8:31:12 PM ConcordiaRemoteServiceImpl addItem
INFO: previous item details{, itemName='ALGO', quantity=0}
Mar 07, 2019 8:31:12 PM ConcordiaRemoteServiceImpl addItem
INFO: updated item details{, itemName='ALGO', quantity=11}
Mar 07, 2019 8:31:12 PM ConcordiaRemoteServiceImpl addItem
INFO: previous quantity was 0 , now need to process waiting list
Mar 07, 2019 8:31:12 PM ConcordiaRemoteServiceImpl processWaitingListIfPossible
INFO: Now attempting to process wait list
Mar 07, 2019 8:31:30 PM ConcordiaServer$1 run
INFO: validateReturn is called by /127.0.0.1:49196
Mar 07, 2019 8:31:30 PM ConcordiaServer$1 run
INFO: sending response [B@277050dc
Mar 07, 2019 8:31:30 PM ConcordiaServer$1 run
INFO: validateBorrow is called by /127.0.0.1:49197
Mar 07, 2019 8:31:30 PM ConcordiaServer$1 run
INFO: sending response [B@5c29bfd
Mar 07, 2019 8:31:30 PM ConcordiaServer$1 run
INFO: returnItem is called by /127.0.0.1:49198
Mar 07, 2019 8:31:30 PM ConcordiaServer getReturnItemResponse
INFO: Return item is Called :   Item is CON1012 User MONU1111
Mar 07, 2019 8:31:30 PM ConcordiaServer getReturnItemResponse
INFO: Response isSuccess
Mar 07, 2019 8:31:30 PM ConcordiaServer$1 run
INFO: sending response [B@7aec35a
Mar 07, 2019 8:31:30 PM ConcordiaServer$1 run
INFO: borrowItem is called by /127.0.0.1:49199
Mar 07, 2019 8:31:30 PM ConcordiaServer getBorrowItemResponse
INFO: Borrow item is Called : Requested Item is CON1013 User MONU1111 for days 2
Mar 07, 2019 8:31:30 PM ConcordiaServer getBorrowItemResponse
INFO: Response isSuccess
Mar 07, 2019 8:31:30 PM ConcordiaServer$1 run
INFO: sending response [B@67424e82
Mar 07, 2019 8:32:13 PM ConcordiaServer$1 run
INFO: validateBorrow is called by /127.0.0.1:49201
Mar 07, 2019 8:32:13 PM ConcordiaServer$1 run
INFO: sending response [B@42110406
Mar 08, 2019 5:51:11 PM ConcordiaServer main
INFO: Server ready.
Mar 08, 2019 5:52:33 PM ConcordiaServer main
INFO: Server ready.
Mar 08, 2019 5:53:25 PM ConcordiaServer main
INFO: Server ready.
Mar 08, 2019 6:00:36 PM ConcordiaServer main
INFO: Server ready.
Mar 08, 2019 6:01:04 PM ConcordiaRemoteServiceImpl borrowItem
INFO: CONU1111 has asked to borrow item MON1012
Mar 08, 2019 6:01:04 PM ConcordiaRemoteServiceImpl borrowItem
INFO: Calling ExternalUDP Servers To Borrow MON1012 For CONU1111
Mar 08, 2019 6:01:04 PM ServerUtils callUDPServer
INFO: Calling  UDP Servers
Mar 08, 2019 6:01:16 PM ConcordiaRemoteServiceImpl borrowItem
INFO: CONU1111 has asked to borrow item MON1013
Mar 08, 2019 6:01:16 PM ConcordiaRemoteServiceImpl validateBorrow
INFO: Current BorrowerCONU1111Borrowed Item [MON1012]
Mar 08, 2019 6:01:27 PM ConcordiaRemoteServiceImpl validateBorrow
INFO: Current BorrowerCONU1111Borrowed Item [MON1012]
Mar 08, 2019 6:02:52 PM ConcordiaRemoteServiceImpl returnItem
INFO: Return Item Response is Fail
Mar 08, 2019 6:02:59 PM ConcordiaRemoteServiceImpl validateBorrow
INFO: Current BorrowerCONU1111Borrowed Item [MON1012]
Mar 08, 2019 6:03:13 PM ConcordiaServer main
INFO: Server ready.
Mar 08, 2019 6:03:59 PM ConcordiaRemoteServiceImpl borrowItem
INFO: CONU1111 has asked to borrow item MON1012
Mar 08, 2019 6:04:04 PM ConcordiaRemoteServiceImpl borrowItem
INFO: Calling ExternalUDP Servers To Borrow MON1012 For CONU1111
Mar 08, 2019 6:04:06 PM ServerUtils callUDPServer
INFO: Calling  UDP Servers
Mar 08, 2019 6:04:23 PM ConcordiaRemoteServiceImpl validateBorrow
INFO: Current BorrowerCONU1111Borrowed Item [MON1012]
Mar 08, 2019 6:05:23 PM ConcordiaRemoteServiceImpl validateBorrow
INFO: Current BorrowerCONU1111Borrowed Item [MON1012]
Mar 08, 2019 6:08:38 PM ConcordiaRemoteServiceImpl performExchange
INFO: Need to connect to external server ....
Mar 08, 2019 6:08:38 PM ConcordiaRemoteServiceImpl performExchange
INFO: MON1012belongs to external server
Mar 08, 2019 6:08:38 PM ConcordiaRemoteServiceImpl performExchange
INFO: VerifyingMON1012 is is available to borrow In MON
Mar 08, 2019 6:08:39 PM ServerUtils callUDPServer
INFO: Calling  UDP Servers
Mar 08, 2019 6:08:40 PM ConcordiaRemoteServiceImpl performExchange
INFO: Response received from MON is false
Mar 08, 2019 6:08:56 PM ConcordiaRemoteServiceImpl validateBorrow
INFO: Current BorrowerCONU1111Borrowed Item [MON1012]
Mar 08, 2019 6:09:01 PM ConcordiaRemoteServiceImpl performExchange
INFO: Need to connect to external server ....
Mar 08, 2019 6:09:01 PM ConcordiaRemoteServiceImpl performExchange
INFO: MON1012Belongs to external server
Mar 08, 2019 6:09:02 PM ServerUtils callUDPServer
INFO: Calling  UDP Servers
Mar 08, 2019 6:09:08 PM ServerUtils callUDPServer
INFO: Calling  UDP Servers
Mar 08, 2019 6:09:08 PM ConcordiaRemoteServiceImpl borrowItem
INFO: CONU1111 has asked to borrow item CON1012
Mar 08, 2019 6:09:08 PM ConcordiaRemoteServiceImpl validateBorrow
INFO: Current BorrowerCONU1111Borrowed Item []
Mar 08, 2019 6:09:21 PM ConcordiaRemoteServiceImpl returnItem
INFO: Return Item Response is Success
Mar 08, 2019 6:35:48 PM ConcordiaServer main
INFO: Server ready.
Mar 08, 2019 6:36:01 PM ConcordiaRemoteServiceImpl borrowItem
INFO: CONU1111 has asked to borrow item CON1012
Mar 08, 2019 6:36:07 PM ConcordiaRemoteServiceImpl findItem
INFO: CONU1111requested to find itemALGO
Mar 08, 2019 6:36:07 PM ServerUtils callUDPServer
INFO: Calling  UDP Servers
Mar 08, 2019 6:36:07 PM ServerUtils callUDPServer
INFO: Calling  UDP Servers
Mar 08, 2019 6:36:14 PM ConcordiaRemoteServiceImpl borrowItem
INFO: CONU1111 has asked to borrow item MCG1012
Mar 08, 2019 6:36:14 PM ConcordiaRemoteServiceImpl validateBorrow
INFO: Current BorrowerCONU1111Borrowed Item [CON1012]
Mar 08, 2019 6:36:14 PM ConcordiaRemoteServiceImpl borrowItem
INFO: Calling ExternalUDP Servers To Borrow MCG1012 For CONU1111
Mar 08, 2019 6:36:14 PM ServerUtils callUDPServer
INFO: Calling  UDP Servers
Mar 08, 2019 6:36:31 PM ServerUtils callUDPServer
INFO: Calling  UDP Servers
Mar 08, 2019 6:36:39 PM ConcordiaRemoteServiceImpl borrowItem
INFO: CONU1111 has asked to borrow item MON1012
Mar 08, 2019 6:36:39 PM ConcordiaRemoteServiceImpl validateBorrow
INFO: Current BorrowerCONU1111Borrowed Item [CON1012]
Mar 08, 2019 6:36:39 PM ConcordiaRemoteServiceImpl borrowItem
INFO: Calling ExternalUDP Servers To Borrow MON1012 For CONU1111
Mar 08, 2019 6:36:39 PM ServerUtils callUDPServer
INFO: Calling  UDP Servers
Mar 08, 2019 6:36:55 PM ConcordiaRemoteServiceImpl performExchange
INFO: Need to connect to external server ....
Mar 08, 2019 6:36:55 PM ConcordiaRemoteServiceImpl performExchange
INFO: both item id belongs to external server
Mar 08, 2019 6:36:55 PM ServerUtils callUDPServer
INFO: Calling  UDP Servers
Mar 08, 2019 6:36:55 PM ServerUtils callUDPServer
INFO: Calling  UDP Servers
Mar 08, 2019 6:37:05 PM ConcordiaRemoteServiceImpl borrowItem
INFO: CONU1111 has asked to borrow item MCG1012
Mar 08, 2019 6:37:05 PM ConcordiaRemoteServiceImpl validateBorrow
INFO: Current BorrowerCONU1111Borrowed Item [CON1012, MON1012]
Mar 08, 2019 6:37:05 PM ConcordiaRemoteServiceImpl borrowItem
INFO: Calling ExternalUDP Servers To Borrow MCG1012 For CONU1111
Mar 08, 2019 6:37:05 PM ServerUtils callUDPServer
INFO: Calling  UDP Servers
Mar 08, 2019 6:37:17 PM ServerUtils callUDPServer
INFO: Calling  UDP Servers
Mar 08, 2019 6:37:24 PM ConcordiaRemoteServiceImpl returnItem
INFO: Return Item Response is Success
Mar 08, 2019 7:09:22 PM ConcordiaServer main
INFO: Server ready.
Mar 08, 2019 7:09:39 PM ConcordiaRemoteServiceImpl listItem
INFO: CONM1111Requested to View Data
Mar 08, 2019 7:09:57 PM ConcordiaRemoteServiceImpl addItem
INFO: Add item is called on Concordia server by CONM1111 for CON1012 for 11 name DSD
Mar 08, 2019 7:09:57 PM ConcordiaRemoteServiceImpl addItem
INFO: Item id   exist in  database, modifying  Item
Mar 08, 2019 7:09:57 PM ConcordiaRemoteServiceImpl addItem
INFO: Item id and Item name matches
Mar 08, 2019 7:09:57 PM ConcordiaRemoteServiceImpl addItem
INFO: previous item details{, itemName='DSD', quantity=5}
Mar 08, 2019 7:09:57 PM ConcordiaRemoteServiceImpl addItem
INFO: updated item details{, itemName='DSD', quantity=16}
Mar 08, 2019 7:10:12 PM ConcordiaRemoteServiceImpl addItem
INFO: Add item is called on Concordia server by CONM1111 for CON1015 for 1 name DSD
Mar 08, 2019 7:10:12 PM ConcordiaRemoteServiceImpl removeItem
INFO: Remove item is called on Concordia server by CONM1111 for CON1015 for 5
Mar 08, 2019 7:10:12 PM ConcordiaRemoteServiceImpl addItem
INFO: Item id is not in existing database, Adding as new Item
Mar 08, 2019 7:10:12 PM ServerUtils callUDPServer
INFO: Calling  UDP Servers
Mar 08, 2019 7:10:12 PM ConcordiaServer$1 run
INFO: returnItem is called by /127.0.0.1:49340
Mar 08, 2019 7:10:12 PM ConcordiaServer getReturnItemResponse
INFO: Return item is Called :   Item is CON1015 User CONU1111
Mar 08, 2019 7:10:12 PM ConcordiaServer getReturnItemResponse
INFO: Response isFail
Mar 08, 2019 7:10:12 PM ConcordiaServer$1 run
INFO: sending response [B@69d0a921
Mar 08, 2019 7:10:21 PM ConcordiaRemoteServiceImpl addItem
INFO: Add item is called on Concordia server by CONM1111 for CON1013 for 99 name ALGO
Mar 08, 2019 7:10:21 PM ConcordiaRemoteServiceImpl addItem
INFO: Item id   exist in  database, modifying  Item
Mar 08, 2019 7:10:21 PM ConcordiaRemoteServiceImpl addItem
INFO: Item id and Item name matches
Mar 08, 2019 7:10:21 PM ConcordiaRemoteServiceImpl addItem
INFO: previous item details{, itemName='ALGO', quantity=0}
Mar 08, 2019 7:10:21 PM ConcordiaRemoteServiceImpl addItem
INFO: updated item details{, itemName='ALGO', quantity=99}
Mar 08, 2019 7:10:21 PM ConcordiaRemoteServiceImpl addItem
INFO: previous quantity was 0 , now need to process waiting list
Mar 08, 2019 7:10:21 PM ConcordiaRemoteServiceImpl processWaitingListIfPossible
INFO: Now attempting to process wait list
Mar 08, 2019 7:10:35 PM ConcordiaRemoteServiceImpl borrowItem
INFO: CONU1111 has asked to borrow item CON1012
Mar 08, 2019 7:10:40 PM ConcordiaRemoteServiceImpl borrowItem
INFO: CONU1111 has asked to borrow item MON1012
Mar 08, 2019 7:10:40 PM ConcordiaRemoteServiceImpl validateBorrow
INFO: Current BorrowerCONU1111Borrowed Item [CON1012]
Mar 08, 2019 7:10:40 PM ConcordiaRemoteServiceImpl borrowItem
INFO: Calling ExternalUDP Servers To Borrow MON1012 For CONU1111
Mar 08, 2019 7:10:40 PM ServerUtils callUDPServer
INFO: Calling  UDP Servers
Mar 08, 2019 7:10:45 PM ConcordiaRemoteServiceImpl borrowItem
INFO: CONU1111 has asked to borrow item MON1013
Mar 08, 2019 7:10:45 PM ConcordiaRemoteServiceImpl validateBorrow
INFO: Current BorrowerCONU1111Borrowed Item [CON1012, MON1012]
Mar 08, 2019 7:10:52 PM ConcordiaRemoteServiceImpl borrowItem
INFO: CONU1111 has asked to borrow item MCG1013
Mar 08, 2019 7:10:52 PM ConcordiaRemoteServiceImpl validateBorrow
INFO: Current BorrowerCONU1111Borrowed Item [CON1012, MON1012]
Mar 08, 2019 7:10:52 PM ConcordiaRemoteServiceImpl borrowItem
INFO: Calling ExternalUDP Servers To Borrow MCG1013 For CONU1111
Mar 08, 2019 7:10:52 PM ServerUtils callUDPServer
INFO: Calling  UDP Servers
Mar 08, 2019 7:10:53 PM ServerUtils callUDPServer
INFO: Calling  UDP Servers
Mar 08, 2019 7:11:05 PM ConcordiaRemoteServiceImpl validateBorrow
INFO: Current BorrowerCONU1111Borrowed Item [CON1012, MON1012]
Mar 08, 2019 7:11:05 PM ConcordiaRemoteServiceImpl performExchange
INFO: Need to connect to external server ....
Mar 08, 2019 7:11:05 PM ConcordiaRemoteServiceImpl performExchange
INFO: MON1013Belongs to external server
Mar 08, 2019 7:11:05 PM ServerUtils callUDPServer
INFO: Calling  UDP Servers
Mar 08, 2019 7:34:22 PM ConcordiaServer main
INFO: Exception org.omg.CORBA.COMM_FAILURE:   vmcid: SUN  minor code: 201  completed: No
Mar 08, 2019 7:34:35 PM ConcordiaServer main
INFO: Server ready.
Mar 08, 2019 7:35:20 PM ConcordiaServer$1 run
INFO: validateBorrow is called by /127.0.0.1:61456
Mar 08, 2019 7:35:20 PM ConcordiaServer$1 run
INFO: sending response [B@446cdf90
