Feb 13, 2019 4:35:05 PM UserClient performBorrowItem
INFO: CONU1111 Requested to Borrow Item CON1012 for 1 days.
Feb 13, 2019 4:35:05 PM UserClient getBorrowItemResponse
INFO: CONU1111 Requested to Borrow Item CON1012
Feb 13, 2019 4:35:05 PM UserClient getBorrowItemResponse
INFO: Connecting to CON  Server
Feb 13, 2019 4:35:05 PM UserClient getBorrowItemResponse
INFO: Response Received from the server is Success
Feb 13, 2019 4:35:10 PM UserClient performBorrowItem
INFO: CONU1111 Requested to Borrow Item MON1012 for 1 days.
Feb 13, 2019 4:35:10 PM UserClient getBorrowItemResponse
INFO: CONU1111 Requested to Borrow Item MON1012
Feb 13, 2019 4:35:10 PM UserClient getBorrowItemResponse
INFO: Connecting to CON  Server
Feb 13, 2019 4:35:10 PM UserClient getBorrowItemResponse
INFO: Response Received from the server is Success
Feb 13, 2019 4:35:15 PM UserClient performBorrowItem
INFO: CONU1111 Requested to Borrow Item MCG1013 for 1 days.
Feb 13, 2019 4:35:15 PM UserClient getBorrowItemResponse
INFO: CONU1111 Requested to Borrow Item MCG1013
Feb 13, 2019 4:35:15 PM UserClient getBorrowItemResponse
INFO: Connecting to CON  Server
Feb 13, 2019 4:35:15 PM UserClient getBorrowItemResponse
INFO: Response Received from the server is FailCan not borrow more than one item from external library
Feb 13, 2019 4:35:24 PM UserClient performReturnItem
INFO: CONU1111 Requested to Return Item MON1012
Feb 13, 2019 4:35:24 PM UserClient getReturnItemResponse
INFO: CONU1111 Requested to Return Item MON1012
Feb 13, 2019 4:35:24 PM UserClient getReturnItemResponse
INFO: Connecting to CON  Server
Feb 13, 2019 4:35:24 PM UserClient getReturnItemResponse
INFO: Response Received from the server is Success
Feb 13, 2019 4:35:40 PM UserClient performBorrowItem
INFO: CONU1111 Requested to Borrow Item MCG1013 for 1 days.
Feb 13, 2019 4:35:40 PM UserClient getBorrowItemResponse
INFO: CONU1111 Requested to Borrow Item MCG1013
Feb 13, 2019 4:35:40 PM UserClient getBorrowItemResponse
INFO: Connecting to CON  Server
Feb 13, 2019 4:35:41 PM UserClient getBorrowItemResponse
INFO: Response Received from the server is Success
Feb 13, 2019 4:35:50 PM UserClient getItemFindResponse
INFO: CONU1111 Requested to Find Item DSDs
Feb 13, 2019 4:35:50 PM UserClient getItemFindResponse
INFO: Connecting to CON  Server
Feb 13, 2019 4:35:50 PM UserClient getItemFindResponse
INFO: Response Received from the server is 
 No Dat

 No Dat

Feb 13, 2019 4:36:06 PM UserClient performBorrowItem
INFO: CONU1111 Requested to Borrow Item CON1013 for 1 days.
Feb 13, 2019 4:36:06 PM UserClient getBorrowItemResponse
INFO: CONU1111 Requested to Borrow Item CON1013
Feb 13, 2019 4:36:06 PM UserClient getBorrowItemResponse
INFO: Connecting to CON  Server
Feb 13, 2019 4:36:09 PM UserClient getBorrowItemResponse
INFO: Response Received from the server is Success
Feb 15, 2019 2:29:02 PM UserClient performBorrowItem
INFO: CONU1111 Requested to Borrow Item CON1012 for 1 days.
Feb 15, 2019 2:29:02 PM UserClient getBorrowItemResponse
INFO: CONU1111 Requested to Borrow Item CON1012
Feb 15, 2019 2:29:02 PM UserClient getBorrowItemResponse
INFO: Connecting to CON  Server
Feb 15, 2019 2:29:02 PM UserClient getBorrowItemResponse
INFO: Response Received from the server is Success
Feb 15, 2019 2:29:05 PM UserClient getItemFindResponse
INFO: CONU1111 Requested to Find Item DSD
Feb 15, 2019 2:29:05 PM UserClient getItemFindResponse
INFO: Connecting to CON  Server
Feb 15, 2019 2:29:05 PM UserClient getItemFindResponse
INFO: Response Received from the server is CON1012 4
MON1012 1

MCG1012 52

Feb 15, 2019 2:29:12 PM UserClient performReturnItem
INFO: CONU1111 Requested to Return Item CON1015
Feb 15, 2019 2:29:12 PM UserClient getReturnItemResponse
INFO: CONU1111 Requested to Return Item CON1015
Feb 15, 2019 2:29:12 PM UserClient getReturnItemResponse
INFO: Connecting to CON  Server
Feb 15, 2019 2:29:12 PM UserClient getReturnItemResponse
INFO: Response Received from the server is Fail
Feb 15, 2019 2:29:21 PM UserClient performBorrowItem
INFO: CONU1111 Requested to Borrow Item CON1014 for 1 days.
Feb 15, 2019 2:29:21 PM UserClient getBorrowItemResponse
INFO: CONU1111 Requested to Borrow Item CON1014
Feb 15, 2019 2:29:21 PM UserClient getBorrowItemResponse
INFO: Connecting to CON  Server
Feb 15, 2019 2:29:21 PM UserClient getBorrowItemResponse
INFO: Response Received from the server is Fail Can not borrow , Item id is unknown to Library
Feb 15, 2019 2:29:30 PM UserClient performBorrowItem
INFO: CONU1111 Requested to Borrow Item MON1012 for 2 days.
Feb 15, 2019 2:29:30 PM UserClient getBorrowItemResponse
INFO: CONU1111 Requested to Borrow Item MON1012
Feb 15, 2019 2:29:30 PM UserClient getBorrowItemResponse
INFO: Connecting to CON  Server
Feb 15, 2019 2:29:30 PM UserClient getBorrowItemResponse
INFO: Response Received from the server is Success
Feb 15, 2019 2:29:36 PM UserClient performBorrowItem
INFO: CONU1111 Requested to Borrow Item MON1013 for 1 days.
Feb 15, 2019 2:29:36 PM UserClient getBorrowItemResponse
INFO: CONU1111 Requested to Borrow Item MON1013
Feb 15, 2019 2:29:36 PM UserClient getBorrowItemResponse
INFO: Connecting to CON  Server
Feb 15, 2019 2:29:36 PM UserClient getBorrowItemResponse
INFO: Response Received from the server is FailCan not borrow more than one item from external library
Feb 15, 2019 2:29:42 PM UserClient performReturnItem
INFO: CONU1111 Requested to Return Item MON1012
Feb 15, 2019 2:29:42 PM UserClient getReturnItemResponse
INFO: CONU1111 Requested to Return Item MON1012
Feb 15, 2019 2:29:42 PM UserClient getReturnItemResponse
INFO: Connecting to CON  Server
Feb 15, 2019 2:29:42 PM UserClient getReturnItemResponse
INFO: Response Received from the server is Success
Feb 15, 2019 2:29:48 PM UserClient performBorrowItem
INFO: CONU1111 Requested to Borrow Item MCG1012 for 1 days.
Feb 15, 2019 2:29:48 PM UserClient getBorrowItemResponse
INFO: CONU1111 Requested to Borrow Item MCG1012
Feb 15, 2019 2:29:48 PM UserClient getBorrowItemResponse
INFO: Connecting to CON  Server
Feb 15, 2019 2:29:48 PM UserClient getBorrowItemResponse
INFO: Response Received from the server is Success
